2024-03-15 09:26:51,158 [Worker-0: Loading available Gradle versions] INFO  o.e.b.c.i.u.g.PublishedGradleVersions - Gradle version information cache is up-to-date. Trying to read.
2024-03-15 09:27:43,286 [Worker-0: Importing Maven projects] INFO  o.e.m.c.i.l.LifecycleMappingFactory - Using org.maven.ide.eclipse.wtp.WarLifecycleMapping lifecycle mapping for MavenProject: org.jsp:User-App:0.0.1-SNAPSHOT @ C:\Users\subra\OneDrive\Desktop\SRD-M3\User-App\pom.xml.
2024-03-15 09:27:46,047 [Worker-0: Importing Maven projects] INFO  o.e.m.j.i.AbstractJavaProjectConfigurator - Adding source folder /User-App/src/main/java
2024-03-15 09:27:46,057 [Worker-0: Importing Maven projects] INFO  o.e.m.j.i.AbstractJavaProjectConfigurator - Adding source folder /User-App/src/test/java
2024-03-15 09:27:47,328 [Worker-0: Importing Maven projects] INFO  o.e.m.c.i.p.ProjectConfigurationManager - Imported and configured 1 project(s) in 6 sec
2024-03-15 09:27:49,367 [Worker-0: Building workspace] INFO  o.e.m.c.i.embedder.EclipseLogger - Using 'UTF-8' encoding to copy filtered resources.
2024-03-15 09:27:49,368 [Worker-0: Building workspace] INFO  o.e.m.c.i.embedder.EclipseLogger - skip non existing resourceDirectory C:\Users\subra\OneDrive\Desktop\SRD-M3\User-App\src\main\resources
2024-03-15 09:27:49,371 [Worker-0: Building workspace] INFO  o.e.m.c.i.embedder.EclipseLogger - Using 'UTF-8' encoding to copy filtered resources.
2024-03-15 09:27:49,371 [Worker-0: Building workspace] INFO  o.e.m.c.i.embedder.EclipseLogger - skip non existing resourceDirectory C:\Users\subra\OneDrive\Desktop\SRD-M3\User-App\src\test\resources
2024-03-15 09:28:50,730 [Worker-6: Building workspace] INFO  o.e.m.c.i.embedder.EclipseLogger - Using 'UTF-8' encoding to copy filtered resources.
2024-03-15 09:28:50,732 [Worker-6: Building workspace] INFO  o.e.m.c.i.embedder.EclipseLogger - skip non existing resourceDirectory C:\Users\subra\OneDrive\Desktop\SRD-M3\User-App\src\main\resources
2024-03-15 09:28:50,734 [Worker-6: Building workspace] INFO  o.e.m.c.i.embedder.EclipseLogger - Using 'UTF-8' encoding to copy filtered resources.
2024-03-15 09:28:50,735 [Worker-6: Building workspace] INFO  o.e.m.c.i.embedder.EclipseLogger - skip non existing resourceDirectory C:\Users\subra\OneDrive\Desktop\SRD-M3\User-App\src\test\resources
2024-03-15 09:35:45,333 [Worker-16: Building workspace] INFO  o.e.m.c.i.embedder.EclipseLogger - Using 'UTF-8' encoding to copy filtered resources.
2024-03-15 09:35:45,333 [Worker-16: Building workspace] INFO  o.e.m.c.i.embedder.EclipseLogger - skip non existing resourceDirectory C:\Users\subra\OneDrive\Desktop\SRD-M3\User-App\src\main\resources
2024-03-15 09:35:45,334 [Worker-16: Building workspace] INFO  o.e.m.c.i.embedder.EclipseLogger - Using 'UTF-8' encoding to copy filtered resources.
2024-03-15 09:35:45,334 [Worker-16: Building workspace] INFO  o.e.m.c.i.embedder.EclipseLogger - skip non existing resourceDirectory C:\Users\subra\OneDrive\Desktop\SRD-M3\User-App\src\test\resources
2024-03-15 09:39:15,258 [Worker-14: Building workspace] INFO  o.e.m.c.i.embedder.EclipseLogger - Using 'UTF-8' encoding to copy filtered resources.
2024-03-15 09:39:15,259 [Worker-14: Building workspace] INFO  o.e.m.c.i.embedder.EclipseLogger - skip non existing resourceDirectory C:\Users\subra\OneDrive\Desktop\SRD-M3\User-App\src\main\resources
2024-03-15 09:39:15,260 [Worker-14: Building workspace] INFO  o.e.m.c.i.embedder.EclipseLogger - Using 'UTF-8' encoding to copy filtered resources.
2024-03-15 09:39:15,260 [Worker-14: Building workspace] INFO  o.e.m.c.i.embedder.EclipseLogger - skip non existing resourceDirectory C:\Users\subra\OneDrive\Desktop\SRD-M3\User-App\src\test\resources
2024-03-15 09:40:13,894 [Worker-5: Building workspace] INFO  o.e.m.c.i.embedder.EclipseLogger - Using 'UTF-8' encoding to copy filtered resources.
2024-03-15 09:40:13,894 [Worker-5: Building workspace] INFO  o.e.m.c.i.embedder.EclipseLogger - skip non existing resourceDirectory C:\Users\subra\OneDrive\Desktop\SRD-M3\User-App\src\main\resources
2024-03-15 09:40:13,896 [Worker-5: Building workspace] INFO  o.e.m.c.i.embedder.EclipseLogger - Using 'UTF-8' encoding to copy filtered resources.
2024-03-15 09:40:13,897 [Worker-5: Building workspace] INFO  o.e.m.c.i.embedder.EclipseLogger - skip non existing resourceDirectory C:\Users\subra\OneDrive\Desktop\SRD-M3\User-App\src\test\resources
2024-03-15 09:40:36,443 [Worker-18: Building workspace] INFO  o.e.m.c.i.embedder.EclipseLogger - Using 'UTF-8' encoding to copy filtered resources.
2024-03-15 09:40:36,443 [Worker-18: Building workspace] INFO  o.e.m.c.i.embedder.EclipseLogger - skip non existing resourceDirectory C:\Users\subra\OneDrive\Desktop\SRD-M3\User-App\src\main\resources
2024-03-15 09:40:36,445 [Worker-18: Building workspace] INFO  o.e.m.c.i.embedder.EclipseLogger - Using 'UTF-8' encoding to copy filtered resources.
2024-03-15 09:40:36,445 [Worker-18: Building workspace] INFO  o.e.m.c.i.embedder.EclipseLogger - skip non existing resourceDirectory C:\Users\subra\OneDrive\Desktop\SRD-M3\User-App\src\test\resources
2024-03-15 09:42:13,131 [Worker-16: Building workspace] INFO  o.e.m.c.i.embedder.EclipseLogger - Using 'UTF-8' encoding to copy filtered resources.
2024-03-15 09:42:13,132 [Worker-16: Building workspace] INFO  o.e.m.c.i.embedder.EclipseLogger - skip non existing resourceDirectory C:\Users\subra\OneDrive\Desktop\SRD-M3\User-App\src\main\resources
2024-03-15 09:42:13,135 [Worker-16: Building workspace] INFO  o.e.m.c.i.embedder.EclipseLogger - Using 'UTF-8' encoding to copy filtered resources.
2024-03-15 09:42:13,135 [Worker-16: Building workspace] INFO  o.e.m.c.i.embedder.EclipseLogger - skip non existing resourceDirectory C:\Users\subra\OneDrive\Desktop\SRD-M3\User-App\src\test\resources
2024-03-15 09:43:19,445 [Worker-20: Building workspace] INFO  o.e.m.c.i.embedder.EclipseLogger - Using 'UTF-8' encoding to copy filtered resources.
2024-03-15 09:43:19,446 [Worker-20: Building workspace] INFO  o.e.m.c.i.embedder.EclipseLogger - skip non existing resourceDirectory C:\Users\subra\OneDrive\Desktop\SRD-M3\User-App\src\main\resources
2024-03-15 09:43:19,450 [Worker-20: Building workspace] INFO  o.e.m.c.i.embedder.EclipseLogger - Using 'UTF-8' encoding to copy filtered resources.
2024-03-15 09:43:19,451 [Worker-20: Building workspace] INFO  o.e.m.c.i.embedder.EclipseLogger - skip non existing resourceDirectory C:\Users\subra\OneDrive\Desktop\SRD-M3\User-App\src\test\resources
2024-03-15 09:44:47,892 [Worker-16: Building workspace] INFO  o.e.m.c.i.embedder.EclipseLogger - Using 'UTF-8' encoding to copy filtered resources.
2024-03-15 09:44:47,893 [Worker-16: Building workspace] INFO  o.e.m.c.i.embedder.EclipseLogger - skip non existing resourceDirectory C:\Users\subra\OneDrive\Desktop\SRD-M3\User-App\src\main\resources
2024-03-15 09:44:47,896 [Worker-16: Building workspace] INFO  o.e.m.c.i.embedder.EclipseLogger - Using 'UTF-8' encoding to copy filtered resources.
2024-03-15 09:44:47,897 [Worker-16: Building workspace] INFO  o.e.m.c.i.embedder.EclipseLogger - skip non existing resourceDirectory C:\Users\subra\OneDrive\Desktop\SRD-M3\User-App\src\test\resources
2024-03-15 09:44:53,015 [Worker-18: Building workspace] INFO  o.e.m.c.i.embedder.EclipseLogger - Using 'UTF-8' encoding to copy filtered resources.
2024-03-15 09:44:53,015 [Worker-18: Building workspace] INFO  o.e.m.c.i.embedder.EclipseLogger - skip non existing resourceDirectory C:\Users\subra\OneDrive\Desktop\SRD-M3\User-App\src\main\resources
2024-03-15 09:44:53,016 [Worker-18: Building workspace] INFO  o.e.m.c.i.embedder.EclipseLogger - Using 'UTF-8' encoding to copy filtered resources.
2024-03-15 09:44:53,017 [Worker-18: Building workspace] INFO  o.e.m.c.i.embedder.EclipseLogger - skip non existing resourceDirectory C:\Users\subra\OneDrive\Desktop\SRD-M3\User-App\src\test\resources
2024-03-15 09:44:59,876 [Worker-20: Building workspace] INFO  o.e.m.c.i.embedder.EclipseLogger - Using 'UTF-8' encoding to copy filtered resources.
2024-03-15 09:44:59,876 [Worker-20: Building workspace] INFO  o.e.m.c.i.embedder.EclipseLogger - skip non existing resourceDirectory C:\Users\subra\OneDrive\Desktop\SRD-M3\User-App\src\main\resources
2024-03-15 09:44:59,880 [Worker-20: Building workspace] INFO  o.e.m.c.i.embedder.EclipseLogger - Using 'UTF-8' encoding to copy filtered resources.
2024-03-15 09:44:59,880 [Worker-20: Building workspace] INFO  o.e.m.c.i.embedder.EclipseLogger - skip non existing resourceDirectory C:\Users\subra\OneDrive\Desktop\SRD-M3\User-App\src\test\resources
2024-03-15 09:46:33,182 [Worker-5: Building workspace] INFO  o.e.m.c.i.embedder.EclipseLogger - Using 'UTF-8' encoding to copy filtered resources.
2024-03-15 09:46:33,183 [Worker-5: Building workspace] INFO  o.e.m.c.i.embedder.EclipseLogger - skip non existing resourceDirectory C:\Users\subra\OneDrive\Desktop\SRD-M3\User-App\src\main\resources
2024-03-15 09:46:33,184 [Worker-5: Building workspace] INFO  o.e.m.c.i.embedder.EclipseLogger - Using 'UTF-8' encoding to copy filtered resources.
2024-03-15 09:46:33,184 [Worker-5: Building workspace] INFO  o.e.m.c.i.embedder.EclipseLogger - skip non existing resourceDirectory C:\Users\subra\OneDrive\Desktop\SRD-M3\User-App\src\test\resources
2024-03-15 09:48:10,266 [Worker-5: Building workspace] INFO  o.e.m.c.i.embedder.EclipseLogger - Using 'UTF-8' encoding to copy filtered resources.
2024-03-15 09:48:10,267 [Worker-5: Building workspace] INFO  o.e.m.c.i.embedder.EclipseLogger - skip non existing resourceDirectory C:\Users\subra\OneDrive\Desktop\SRD-M3\User-App\src\main\resources
2024-03-15 09:48:10,270 [Worker-5: Building workspace] INFO  o.e.m.c.i.embedder.EclipseLogger - Using 'UTF-8' encoding to copy filtered resources.
2024-03-15 09:48:10,273 [Worker-5: Building workspace] INFO  o.e.m.c.i.embedder.EclipseLogger - skip non existing resourceDirectory C:\Users\subra\OneDrive\Desktop\SRD-M3\User-App\src\test\resources
2024-03-15 09:48:43,065 [Worker-16: Building workspace] INFO  o.e.m.c.i.embedder.EclipseLogger - Using 'UTF-8' encoding to copy filtered resources.
2024-03-15 09:48:43,065 [Worker-16: Building workspace] INFO  o.e.m.c.i.embedder.EclipseLogger - skip non existing resourceDirectory C:\Users\subra\OneDrive\Desktop\SRD-M3\User-App\src\main\resources
2024-03-15 09:48:43,066 [Worker-16: Building workspace] INFO  o.e.m.c.i.embedder.EclipseLogger - Using 'UTF-8' encoding to copy filtered resources.
2024-03-15 09:48:43,067 [Worker-16: Building workspace] INFO  o.e.m.c.i.embedder.EclipseLogger - skip non existing resourceDirectory C:\Users\subra\OneDrive\Desktop\SRD-M3\User-App\src\test\resources
2024-03-15 09:48:55,834 [Worker-22: Building workspace] INFO  o.e.m.c.i.embedder.EclipseLogger - Using 'UTF-8' encoding to copy filtered resources.
2024-03-15 09:48:55,835 [Worker-22: Building workspace] INFO  o.e.m.c.i.embedder.EclipseLogger - skip non existing resourceDirectory C:\Users\subra\OneDrive\Desktop\SRD-M3\User-App\src\main\resources
2024-03-15 09:48:55,839 [Worker-22: Building workspace] INFO  o.e.m.c.i.embedder.EclipseLogger - Using 'UTF-8' encoding to copy filtered resources.
2024-03-15 09:48:55,839 [Worker-22: Building workspace] INFO  o.e.m.c.i.embedder.EclipseLogger - skip non existing resourceDirectory C:\Users\subra\OneDrive\Desktop\SRD-M3\User-App\src\test\resources
2024-03-15 09:49:10,557 [Worker-22: Building workspace] INFO  o.e.m.c.i.embedder.EclipseLogger - Using 'UTF-8' encoding to copy filtered resources.
2024-03-15 09:49:10,558 [Worker-22: Building workspace] INFO  o.e.m.c.i.embedder.EclipseLogger - skip non existing resourceDirectory C:\Users\subra\OneDrive\Desktop\SRD-M3\User-App\src\main\resources
2024-03-15 09:49:10,560 [Worker-22: Building workspace] INFO  o.e.m.c.i.embedder.EclipseLogger - Using 'UTF-8' encoding to copy filtered resources.
2024-03-15 09:49:10,560 [Worker-22: Building workspace] INFO  o.e.m.c.i.embedder.EclipseLogger - skip non existing resourceDirectory C:\Users\subra\OneDrive\Desktop\SRD-M3\User-App\src\test\resources
2024-03-15 09:49:43,061 [Worker-20: Building workspace] INFO  o.e.m.c.i.embedder.EclipseLogger - Using 'UTF-8' encoding to copy filtered resources.
2024-03-15 09:49:43,062 [Worker-20: Building workspace] INFO  o.e.m.c.i.embedder.EclipseLogger - skip non existing resourceDirectory C:\Users\subra\OneDrive\Desktop\SRD-M3\User-App\src\main\resources
2024-03-15 09:49:43,064 [Worker-20: Building workspace] INFO  o.e.m.c.i.embedder.EclipseLogger - Using 'UTF-8' encoding to copy filtered resources.
2024-03-15 09:49:43,064 [Worker-20: Building workspace] INFO  o.e.m.c.i.embedder.EclipseLogger - skip non existing resourceDirectory C:\Users\subra\OneDrive\Desktop\SRD-M3\User-App\src\test\resources
2024-03-15 09:50:04,077 [Worker-16: Building workspace] INFO  o.e.m.c.i.embedder.EclipseLogger - Using 'UTF-8' encoding to copy filtered resources.
2024-03-15 09:50:04,077 [Worker-16: Building workspace] INFO  o.e.m.c.i.embedder.EclipseLogger - skip non existing resourceDirectory C:\Users\subra\OneDrive\Desktop\SRD-M3\User-App\src\main\resources
2024-03-15 09:50:04,078 [Worker-16: Building workspace] INFO  o.e.m.c.i.embedder.EclipseLogger - Using 'UTF-8' encoding to copy filtered resources.
2024-03-15 09:50:04,078 [Worker-16: Building workspace] INFO  o.e.m.c.i.embedder.EclipseLogger - skip non existing resourceDirectory C:\Users\subra\OneDrive\Desktop\SRD-M3\User-App\src\test\resources
2024-03-15 09:51:11,688 [Worker-18: Building workspace] INFO  o.e.m.c.i.embedder.EclipseLogger - Using 'UTF-8' encoding to copy filtered resources.
2024-03-15 09:51:11,688 [Worker-18: Building workspace] INFO  o.e.m.c.i.embedder.EclipseLogger - skip non existing resourceDirectory C:\Users\subra\OneDrive\Desktop\SRD-M3\User-App\src\main\resources
2024-03-15 09:51:11,691 [Worker-18: Building workspace] INFO  o.e.m.c.i.embedder.EclipseLogger - Using 'UTF-8' encoding to copy filtered resources.
2024-03-15 09:51:11,691 [Worker-18: Building workspace] INFO  o.e.m.c.i.embedder.EclipseLogger - skip non existing resourceDirectory C:\Users\subra\OneDrive\Desktop\SRD-M3\User-App\src\test\resources
2024-03-15 09:59:28,174 [Worker-16: Building workspace] INFO  o.e.m.c.i.embedder.EclipseLogger - Using 'UTF-8' encoding to copy filtered resources.
2024-03-15 09:59:28,174 [Worker-16: Building workspace] INFO  o.e.m.c.i.embedder.EclipseLogger - skip non existing resourceDirectory C:\Users\subra\OneDrive\Desktop\SRD-M3\User-App\src\main\resources
2024-03-15 09:59:28,177 [Worker-16: Building workspace] INFO  o.e.m.c.i.embedder.EclipseLogger - Using 'UTF-8' encoding to copy filtered resources.
2024-03-15 09:59:28,178 [Worker-16: Building workspace] INFO  o.e.m.c.i.embedder.EclipseLogger - skip non existing resourceDirectory C:\Users\subra\OneDrive\Desktop\SRD-M3\User-App\src\test\resources
2024-03-15 10:00:11,531 [Worker-20: Building workspace] INFO  o.e.m.c.i.embedder.EclipseLogger - Using 'UTF-8' encoding to copy filtered resources.
2024-03-15 10:00:11,532 [Worker-20: Building workspace] INFO  o.e.m.c.i.embedder.EclipseLogger - skip non existing resourceDirectory C:\Users\subra\OneDrive\Desktop\SRD-M3\User-App\src\main\resources
2024-03-15 10:00:11,534 [Worker-20: Building workspace] INFO  o.e.m.c.i.embedder.EclipseLogger - Using 'UTF-8' encoding to copy filtered resources.
2024-03-15 10:00:11,534 [Worker-20: Building workspace] INFO  o.e.m.c.i.embedder.EclipseLogger - skip non existing resourceDirectory C:\Users\subra\OneDrive\Desktop\SRD-M3\User-App\src\test\resources
2024-03-15 10:02:17,352 [Worker-23: Building workspace] INFO  o.e.m.c.i.embedder.EclipseLogger - Using 'UTF-8' encoding to copy filtered resources.
2024-03-15 10:02:17,353 [Worker-23: Building workspace] INFO  o.e.m.c.i.embedder.EclipseLogger - skip non existing resourceDirectory C:\Users\subra\OneDrive\Desktop\SRD-M3\User-App\src\main\resources
2024-03-15 10:02:17,354 [Worker-23: Building workspace] INFO  o.e.m.c.i.embedder.EclipseLogger - Using 'UTF-8' encoding to copy filtered resources.
2024-03-15 10:02:17,354 [Worker-23: Building workspace] INFO  o.e.m.c.i.embedder.EclipseLogger - skip non existing resourceDirectory C:\Users\subra\OneDrive\Desktop\SRD-M3\User-App\src\test\resources
2024-03-15 10:02:21,774 [Worker-20: Building workspace] INFO  o.e.m.c.i.embedder.EclipseLogger - Using 'UTF-8' encoding to copy filtered resources.
2024-03-15 10:02:21,774 [Worker-20: Building workspace] INFO  o.e.m.c.i.embedder.EclipseLogger - skip non existing resourceDirectory C:\Users\subra\OneDrive\Desktop\SRD-M3\User-App\src\main\resources
2024-03-15 10:02:21,776 [Worker-20: Building workspace] INFO  o.e.m.c.i.embedder.EclipseLogger - Using 'UTF-8' encoding to copy filtered resources.
2024-03-15 10:02:21,776 [Worker-20: Building workspace] INFO  o.e.m.c.i.embedder.EclipseLogger - skip non existing resourceDirectory C:\Users\subra\OneDrive\Desktop\SRD-M3\User-App\src\test\resources
2024-03-15 10:04:00,886 [Worker-27: Building workspace] INFO  o.e.m.c.i.embedder.EclipseLogger - Using 'UTF-8' encoding to copy filtered resources.
2024-03-15 10:04:00,889 [Worker-27: Building workspace] INFO  o.e.m.c.i.embedder.EclipseLogger - skip non existing resourceDirectory C:\Users\subra\OneDrive\Desktop\SRD-M3\User-App\src\main\resources
2024-03-15 10:04:00,890 [Worker-27: Building workspace] INFO  o.e.m.c.i.embedder.EclipseLogger - Using 'UTF-8' encoding to copy filtered resources.
2024-03-15 10:04:00,891 [Worker-27: Building workspace] INFO  o.e.m.c.i.embedder.EclipseLogger - skip non existing resourceDirectory C:\Users\subra\OneDrive\Desktop\SRD-M3\User-App\src\test\resources
2024-03-15 10:05:02,837 [Worker-24: Building workspace] INFO  o.e.m.c.i.embedder.EclipseLogger - Using 'UTF-8' encoding to copy filtered resources.
2024-03-15 10:05:02,837 [Worker-24: Building workspace] INFO  o.e.m.c.i.embedder.EclipseLogger - skip non existing resourceDirectory C:\Users\subra\OneDrive\Desktop\SRD-M3\User-App\src\main\resources
2024-03-15 10:05:02,839 [Worker-24: Building workspace] INFO  o.e.m.c.i.embedder.EclipseLogger - Using 'UTF-8' encoding to copy filtered resources.
2024-03-15 10:05:02,839 [Worker-24: Building workspace] INFO  o.e.m.c.i.embedder.EclipseLogger - skip non existing resourceDirectory C:\Users\subra\OneDrive\Desktop\SRD-M3\User-App\src\test\resources
2024-03-15 10:08:11,208 [Worker-24: Building workspace] INFO  o.e.m.c.i.embedder.EclipseLogger - Using 'UTF-8' encoding to copy filtered resources.
2024-03-15 10:08:11,209 [Worker-24: Building workspace] INFO  o.e.m.c.i.embedder.EclipseLogger - skip non existing resourceDirectory C:\Users\subra\OneDrive\Desktop\SRD-M3\User-App\src\main\resources
2024-03-15 10:08:11,209 [Worker-24: Building workspace] INFO  o.e.m.c.i.embedder.EclipseLogger - Using 'UTF-8' encoding to copy filtered resources.
2024-03-15 10:08:11,210 [Worker-24: Building workspace] INFO  o.e.m.c.i.embedder.EclipseLogger - skip non existing resourceDirectory C:\Users\subra\OneDrive\Desktop\SRD-M3\User-App\src\test\resources
2024-03-15 10:09:22,597 [Worker-27: Building workspace] INFO  o.e.m.c.i.embedder.EclipseLogger - Using 'UTF-8' encoding to copy filtered resources.
2024-03-15 10:09:22,598 [Worker-27: Building workspace] INFO  o.e.m.c.i.embedder.EclipseLogger - skip non existing resourceDirectory C:\Users\subra\OneDrive\Desktop\SRD-M3\User-App\src\main\resources
2024-03-15 10:09:22,599 [Worker-27: Building workspace] INFO  o.e.m.c.i.embedder.EclipseLogger - Using 'UTF-8' encoding to copy filtered resources.
2024-03-15 10:09:22,599 [Worker-27: Building workspace] INFO  o.e.m.c.i.embedder.EclipseLogger - skip non existing resourceDirectory C:\Users\subra\OneDrive\Desktop\SRD-M3\User-App\src\test\resources
2024-03-15 10:12:21,736 [Worker-29: Building workspace] INFO  o.e.m.c.i.embedder.EclipseLogger - Using 'UTF-8' encoding to copy filtered resources.
2024-03-15 10:12:21,737 [Worker-29: Building workspace] INFO  o.e.m.c.i.embedder.EclipseLogger - skip non existing resourceDirectory C:\Users\subra\OneDrive\Desktop\SRD-M3\User-App\src\main\resources
2024-03-15 10:12:21,738 [Worker-29: Building workspace] INFO  o.e.m.c.i.embedder.EclipseLogger - Using 'UTF-8' encoding to copy filtered resources.
2024-03-15 10:12:21,738 [Worker-29: Building workspace] INFO  o.e.m.c.i.embedder.EclipseLogger - skip non existing resourceDirectory C:\Users\subra\OneDrive\Desktop\SRD-M3\User-App\src\test\resources
2024-03-15 10:13:46,360 [Worker-32: Building workspace] INFO  o.e.m.c.i.embedder.EclipseLogger - Using 'UTF-8' encoding to copy filtered resources.
2024-03-15 10:13:46,360 [Worker-32: Building workspace] INFO  o.e.m.c.i.embedder.EclipseLogger - skip non existing resourceDirectory C:\Users\subra\OneDrive\Desktop\SRD-M3\User-App\src\main\resources
2024-03-15 10:13:46,362 [Worker-32: Building workspace] INFO  o.e.m.c.i.embedder.EclipseLogger - Using 'UTF-8' encoding to copy filtered resources.
2024-03-15 10:13:46,362 [Worker-32: Building workspace] INFO  o.e.m.c.i.embedder.EclipseLogger - skip non existing resourceDirectory C:\Users\subra\OneDrive\Desktop\SRD-M3\User-App\src\test\resources
2024-03-15 10:14:15,632 [Worker-33: Building workspace] INFO  o.e.m.c.i.embedder.EclipseLogger - Using 'UTF-8' encoding to copy filtered resources.
2024-03-15 10:14:15,633 [Worker-33: Building workspace] INFO  o.e.m.c.i.embedder.EclipseLogger - skip non existing resourceDirectory C:\Users\subra\OneDrive\Desktop\SRD-M3\User-App\src\main\resources
2024-03-15 10:14:15,634 [Worker-33: Building workspace] INFO  o.e.m.c.i.embedder.EclipseLogger - Using 'UTF-8' encoding to copy filtered resources.
2024-03-15 10:14:15,635 [Worker-33: Building workspace] INFO  o.e.m.c.i.embedder.EclipseLogger - skip non existing resourceDirectory C:\Users\subra\OneDrive\Desktop\SRD-M3\User-App\src\test\resources
2024-03-15 10:15:23,402 [Worker-21: Building workspace] INFO  o.e.m.c.i.embedder.EclipseLogger - Using 'UTF-8' encoding to copy filtered resources.
2024-03-15 10:15:23,403 [Worker-21: Building workspace] INFO  o.e.m.c.i.embedder.EclipseLogger - skip non existing resourceDirectory C:\Users\subra\OneDrive\Desktop\SRD-M3\User-App\src\main\resources
2024-03-15 10:15:23,412 [Worker-21: Building workspace] INFO  o.e.m.c.i.embedder.EclipseLogger - Using 'UTF-8' encoding to copy filtered resources.
2024-03-15 10:15:23,412 [Worker-21: Building workspace] INFO  o.e.m.c.i.embedder.EclipseLogger - skip non existing resourceDirectory C:\Users\subra\OneDrive\Desktop\SRD-M3\User-App\src\test\resources
2024-03-15 10:17:19,226 [Worker-35: Building workspace] INFO  o.e.m.c.i.embedder.EclipseLogger - Using 'UTF-8' encoding to copy filtered resources.
2024-03-15 10:17:19,226 [Worker-35: Building workspace] INFO  o.e.m.c.i.embedder.EclipseLogger - skip non existing resourceDirectory C:\Users\subra\OneDrive\Desktop\SRD-M3\User-App\src\main\resources
2024-03-15 10:17:19,233 [Worker-35: Building workspace] INFO  o.e.m.c.i.embedder.EclipseLogger - Using 'UTF-8' encoding to copy filtered resources.
2024-03-15 10:17:19,234 [Worker-35: Building workspace] INFO  o.e.m.c.i.embedder.EclipseLogger - skip non existing resourceDirectory C:\Users\subra\OneDrive\Desktop\SRD-M3\User-App\src\test\resources
2024-03-15 10:17:25,410 [Worker-35: Building workspace] INFO  o.e.m.c.i.embedder.EclipseLogger - Using 'UTF-8' encoding to copy filtered resources.
2024-03-15 10:17:25,411 [Worker-35: Building workspace] INFO  o.e.m.c.i.embedder.EclipseLogger - skip non existing resourceDirectory C:\Users\subra\OneDrive\Desktop\SRD-M3\User-App\src\main\resources
2024-03-15 10:17:25,413 [Worker-35: Building workspace] INFO  o.e.m.c.i.embedder.EclipseLogger - Using 'UTF-8' encoding to copy filtered resources.
2024-03-15 10:17:25,414 [Worker-35: Building workspace] INFO  o.e.m.c.i.embedder.EclipseLogger - skip non existing resourceDirectory C:\Users\subra\OneDrive\Desktop\SRD-M3\User-App\src\test\resources
2024-03-15 10:18:24,074 [Worker-29: Building workspace] INFO  o.e.m.c.i.embedder.EclipseLogger - Using 'UTF-8' encoding to copy filtered resources.
2024-03-15 10:18:24,075 [Worker-29: Building workspace] INFO  o.e.m.c.i.embedder.EclipseLogger - skip non existing resourceDirectory C:\Users\subra\OneDrive\Desktop\SRD-M3\User-App\src\main\resources
2024-03-15 10:18:24,076 [Worker-29: Building workspace] INFO  o.e.m.c.i.embedder.EclipseLogger - Using 'UTF-8' encoding to copy filtered resources.
2024-03-15 10:18:24,076 [Worker-29: Building workspace] INFO  o.e.m.c.i.embedder.EclipseLogger - skip non existing resourceDirectory C:\Users\subra\OneDrive\Desktop\SRD-M3\User-App\src\test\resources
2024-03-15 10:19:03,283 [Worker-35: Building workspace] INFO  o.e.m.c.i.embedder.EclipseLogger - Using 'UTF-8' encoding to copy filtered resources.
2024-03-15 10:19:03,283 [Worker-35: Building workspace] INFO  o.e.m.c.i.embedder.EclipseLogger - skip non existing resourceDirectory C:\Users\subra\OneDrive\Desktop\SRD-M3\User-App\src\main\resources
2024-03-15 10:19:03,284 [Worker-35: Building workspace] INFO  o.e.m.c.i.embedder.EclipseLogger - Using 'UTF-8' encoding to copy filtered resources.
2024-03-15 10:19:03,285 [Worker-35: Building workspace] INFO  o.e.m.c.i.embedder.EclipseLogger - skip non existing resourceDirectory C:\Users\subra\OneDrive\Desktop\SRD-M3\User-App\src\test\resources
2024-03-15 10:19:43,286 [Worker-34: Building workspace] INFO  o.e.m.c.i.embedder.EclipseLogger - Using 'UTF-8' encoding to copy filtered resources.
2024-03-15 10:19:43,286 [Worker-34: Building workspace] INFO  o.e.m.c.i.embedder.EclipseLogger - skip non existing resourceDirectory C:\Users\subra\OneDrive\Desktop\SRD-M3\User-App\src\main\resources
2024-03-15 10:19:43,287 [Worker-34: Building workspace] INFO  o.e.m.c.i.embedder.EclipseLogger - Using 'UTF-8' encoding to copy filtered resources.
2024-03-15 10:19:43,287 [Worker-34: Building workspace] INFO  o.e.m.c.i.embedder.EclipseLogger - skip non existing resourceDirectory C:\Users\subra\OneDrive\Desktop\SRD-M3\User-App\src\test\resources
2024-03-15 10:20:57,550 [Worker-34: Building workspace] INFO  o.e.m.c.i.embedder.EclipseLogger - Using 'UTF-8' encoding to copy filtered resources.
2024-03-15 10:20:57,551 [Worker-34: Building workspace] INFO  o.e.m.c.i.embedder.EclipseLogger - skip non existing resourceDirectory C:\Users\subra\OneDrive\Desktop\SRD-M3\User-App\src\main\resources
2024-03-15 10:20:57,552 [Worker-34: Building workspace] INFO  o.e.m.c.i.embedder.EclipseLogger - Using 'UTF-8' encoding to copy filtered resources.
2024-03-15 10:20:57,552 [Worker-34: Building workspace] INFO  o.e.m.c.i.embedder.EclipseLogger - skip non existing resourceDirectory C:\Users\subra\OneDrive\Desktop\SRD-M3\User-App\src\test\resources
2024-03-15 10:21:01,229 [Worker-29: Building workspace] INFO  o.e.m.c.i.embedder.EclipseLogger - Using 'UTF-8' encoding to copy filtered resources.
2024-03-15 10:21:01,229 [Worker-29: Building workspace] INFO  o.e.m.c.i.embedder.EclipseLogger - skip non existing resourceDirectory C:\Users\subra\OneDrive\Desktop\SRD-M3\User-App\src\main\resources
2024-03-15 10:21:01,232 [Worker-29: Building workspace] INFO  o.e.m.c.i.embedder.EclipseLogger - Using 'UTF-8' encoding to copy filtered resources.
2024-03-15 10:21:01,232 [Worker-29: Building workspace] INFO  o.e.m.c.i.embedder.EclipseLogger - skip non existing resourceDirectory C:\Users\subra\OneDrive\Desktop\SRD-M3\User-App\src\test\resources
2024-03-15 10:21:42,127 [Worker-38: Building workspace] INFO  o.e.m.c.i.embedder.EclipseLogger - Using 'UTF-8' encoding to copy filtered resources.
2024-03-15 10:21:42,128 [Worker-38: Building workspace] INFO  o.e.m.c.i.embedder.EclipseLogger - skip non existing resourceDirectory C:\Users\subra\OneDrive\Desktop\SRD-M3\User-App\src\main\resources
2024-03-15 10:21:42,129 [Worker-38: Building workspace] INFO  o.e.m.c.i.embedder.EclipseLogger - Using 'UTF-8' encoding to copy filtered resources.
2024-03-15 10:21:42,130 [Worker-38: Building workspace] INFO  o.e.m.c.i.embedder.EclipseLogger - skip non existing resourceDirectory C:\Users\subra\OneDrive\Desktop\SRD-M3\User-App\src\test\resources
2024-03-15 10:23:39,346 [Worker-21: Building workspace] INFO  o.e.m.c.i.embedder.EclipseLogger - Using 'UTF-8' encoding to copy filtered resources.
2024-03-15 10:23:39,349 [Worker-21: Building workspace] INFO  o.e.m.c.i.embedder.EclipseLogger - skip non existing resourceDirectory C:\Users\subra\OneDrive\Desktop\SRD-M3\User-App\src\main\resources
2024-03-15 10:23:39,352 [Worker-21: Building workspace] INFO  o.e.m.c.i.embedder.EclipseLogger - Using 'UTF-8' encoding to copy filtered resources.
2024-03-15 10:23:39,353 [Worker-21: Building workspace] INFO  o.e.m.c.i.embedder.EclipseLogger - skip non existing resourceDirectory C:\Users\subra\OneDrive\Desktop\SRD-M3\User-App\src\test\resources
2024-03-15 10:55:20,864 [Worker-41: Building workspace] INFO  o.e.m.c.i.embedder.EclipseLogger - Using 'UTF-8' encoding to copy filtered resources.
2024-03-15 10:55:20,865 [Worker-41: Building workspace] INFO  o.e.m.c.i.embedder.EclipseLogger - skip non existing resourceDirectory C:\Users\subra\OneDrive\Desktop\SRD-M3\User-App\src\main\resources
2024-03-15 10:55:20,867 [Worker-41: Building workspace] INFO  o.e.m.c.i.embedder.EclipseLogger - Using 'UTF-8' encoding to copy filtered resources.
2024-03-15 10:55:20,868 [Worker-41: Building workspace] INFO  o.e.m.c.i.embedder.EclipseLogger - skip non existing resourceDirectory C:\Users\subra\OneDrive\Desktop\SRD-M3\User-App\src\test\resources
2024-03-28 12:15:02,937 [Worker-6: Loading available Gradle versions] INFO  o.e.b.c.i.u.g.PublishedGradleVersions - Gradle version information cache is out-of-date. Trying to update.
2024-03-28 12:15:11,903 [Worker-2: Building workspace] INFO  o.e.m.c.i.embedder.EclipseLogger - Using 'UTF-8' encoding to copy filtered resources.
2024-03-28 12:15:11,904 [Worker-2: Building workspace] INFO  o.e.m.c.i.embedder.EclipseLogger - skip non existing resourceDirectory C:\Users\subra\OneDrive\Desktop\SRD-M3\User-App\src\main\resources
2024-03-28 12:15:11,909 [Worker-2: Building workspace] INFO  o.e.m.c.i.embedder.EclipseLogger - Using 'UTF-8' encoding to copy filtered resources.
2024-03-28 12:15:11,909 [Worker-2: Building workspace] INFO  o.e.m.c.i.embedder.EclipseLogger - skip non existing resourceDirectory C:\Users\subra\OneDrive\Desktop\SRD-M3\User-App\src\test\resources
2024-03-28 12:21:42,817 [Worker-3: Building workspace] INFO  o.e.m.c.i.embedder.EclipseLogger - Using 'UTF-8' encoding to copy filtered resources.
2024-03-28 12:21:42,817 [Worker-3: Building workspace] INFO  o.e.m.c.i.embedder.EclipseLogger - skip non existing resourceDirectory C:\Users\subra\OneDrive\Desktop\SRD-M3\User-App\src\main\resources
2024-03-28 12:21:42,819 [Worker-3: Building workspace] INFO  o.e.m.c.i.embedder.EclipseLogger - Using 'UTF-8' encoding to copy filtered resources.
2024-03-28 12:21:42,819 [Worker-3: Building workspace] INFO  o.e.m.c.i.embedder.EclipseLogger - skip non existing resourceDirectory C:\Users\subra\OneDrive\Desktop\SRD-M3\User-App\src\test\resources
2024-03-28 12:24:09,272 [Worker-5: Building workspace] INFO  o.e.m.c.i.embedder.EclipseLogger - Using 'UTF-8' encoding to copy filtered resources.
2024-03-28 12:24:09,272 [Worker-5: Building workspace] INFO  o.e.m.c.i.embedder.EclipseLogger - skip non existing resourceDirectory C:\Users\subra\OneDrive\Desktop\SRD-M3\User-App\src\main\resources
2024-03-28 12:24:09,274 [Worker-5: Building workspace] INFO  o.e.m.c.i.embedder.EclipseLogger - Using 'UTF-8' encoding to copy filtered resources.
2024-03-28 12:24:09,274 [Worker-5: Building workspace] INFO  o.e.m.c.i.embedder.EclipseLogger - skip non existing resourceDirectory C:\Users\subra\OneDrive\Desktop\SRD-M3\User-App\src\test\resources
2024-03-28 12:24:59,541 [Worker-6: Building workspace] INFO  o.e.m.c.i.embedder.EclipseLogger - Using 'UTF-8' encoding to copy filtered resources.
2024-03-28 12:24:59,542 [Worker-6: Building workspace] INFO  o.e.m.c.i.embedder.EclipseLogger - skip non existing resourceDirectory C:\Users\subra\OneDrive\Desktop\SRD-M3\User-App\src\main\resources
2024-03-28 12:24:59,544 [Worker-6: Building workspace] INFO  o.e.m.c.i.embedder.EclipseLogger - Using 'UTF-8' encoding to copy filtered resources.
2024-03-28 12:24:59,544 [Worker-6: Building workspace] INFO  o.e.m.c.i.embedder.EclipseLogger - skip non existing resourceDirectory C:\Users\subra\OneDrive\Desktop\SRD-M3\User-App\src\test\resources
2024-03-28 12:25:33,155 [Worker-5: Building workspace] INFO  o.e.m.c.i.embedder.EclipseLogger - Using 'UTF-8' encoding to copy filtered resources.
2024-03-28 12:25:33,156 [Worker-5: Building workspace] INFO  o.e.m.c.i.embedder.EclipseLogger - skip non existing resourceDirectory C:\Users\subra\OneDrive\Desktop\SRD-M3\User-App\src\main\resources
2024-03-28 12:25:33,157 [Worker-5: Building workspace] INFO  o.e.m.c.i.embedder.EclipseLogger - Using 'UTF-8' encoding to copy filtered resources.
2024-03-28 12:25:33,158 [Worker-5: Building workspace] INFO  o.e.m.c.i.embedder.EclipseLogger - skip non existing resourceDirectory C:\Users\subra\OneDrive\Desktop\SRD-M3\User-App\src\test\resources
2024-03-28 12:27:32,538 [Worker-6: Building workspace] INFO  o.e.m.c.i.embedder.EclipseLogger - Using 'UTF-8' encoding to copy filtered resources.
2024-03-28 12:27:32,538 [Worker-6: Building workspace] INFO  o.e.m.c.i.embedder.EclipseLogger - skip non existing resourceDirectory C:\Users\subra\OneDrive\Desktop\SRD-M3\User-App\src\main\resources
2024-03-28 12:27:32,540 [Worker-6: Building workspace] INFO  o.e.m.c.i.embedder.EclipseLogger - Using 'UTF-8' encoding to copy filtered resources.
2024-03-28 12:27:32,541 [Worker-6: Building workspace] INFO  o.e.m.c.i.embedder.EclipseLogger - skip non existing resourceDirectory C:\Users\subra\OneDrive\Desktop\SRD-M3\User-App\src\test\resources
2024-03-28 12:27:48,233 [Worker-14: Building workspace] INFO  o.e.m.c.i.embedder.EclipseLogger - Using 'UTF-8' encoding to copy filtered resources.
2024-03-28 12:27:48,233 [Worker-14: Building workspace] INFO  o.e.m.c.i.embedder.EclipseLogger - skip non existing resourceDirectory C:\Users\subra\OneDrive\Desktop\SRD-M3\User-App\src\main\resources
2024-03-28 12:27:48,237 [Worker-14: Building workspace] INFO  o.e.m.c.i.embedder.EclipseLogger - Using 'UTF-8' encoding to copy filtered resources.
2024-03-28 12:27:48,239 [Worker-14: Building workspace] INFO  o.e.m.c.i.embedder.EclipseLogger - skip non existing resourceDirectory C:\Users\subra\OneDrive\Desktop\SRD-M3\User-App\src\test\resources
2024-03-28 12:28:24,543 [Worker-8: Building workspace] INFO  o.e.m.c.i.embedder.EclipseLogger - Using 'UTF-8' encoding to copy filtered resources.
2024-03-28 12:28:24,544 [Worker-8: Building workspace] INFO  o.e.m.c.i.embedder.EclipseLogger - skip non existing resourceDirectory C:\Users\subra\OneDrive\Desktop\SRD-M3\User-App\src\main\resources
2024-03-28 12:28:24,547 [Worker-8: Building workspace] INFO  o.e.m.c.i.embedder.EclipseLogger - Using 'UTF-8' encoding to copy filtered resources.
2024-03-28 12:28:24,547 [Worker-8: Building workspace] INFO  o.e.m.c.i.embedder.EclipseLogger - skip non existing resourceDirectory C:\Users\subra\OneDrive\Desktop\SRD-M3\User-App\src\test\resources
2024-03-28 12:29:00,592 [Worker-6: Building workspace] INFO  o.e.m.c.i.embedder.EclipseLogger - Using 'UTF-8' encoding to copy filtered resources.
2024-03-28 12:29:00,593 [Worker-6: Building workspace] INFO  o.e.m.c.i.embedder.EclipseLogger - skip non existing resourceDirectory C:\Users\subra\OneDrive\Desktop\SRD-M3\User-App\src\main\resources
2024-03-28 12:29:00,595 [Worker-6: Building workspace] INFO  o.e.m.c.i.embedder.EclipseLogger - Using 'UTF-8' encoding to copy filtered resources.
2024-03-28 12:29:00,595 [Worker-6: Building workspace] INFO  o.e.m.c.i.embedder.EclipseLogger - skip non existing resourceDirectory C:\Users\subra\OneDrive\Desktop\SRD-M3\User-App\src\test\resources
2024-03-28 12:29:32,641 [Worker-14: Building workspace] INFO  o.e.m.c.i.embedder.EclipseLogger - Using 'UTF-8' encoding to copy filtered resources.
2024-03-28 12:29:32,641 [Worker-14: Building workspace] INFO  o.e.m.c.i.embedder.EclipseLogger - skip non existing resourceDirectory C:\Users\subra\OneDrive\Desktop\SRD-M3\User-App\src\main\resources
2024-03-28 12:29:32,643 [Worker-14: Building workspace] INFO  o.e.m.c.i.embedder.EclipseLogger - Using 'UTF-8' encoding to copy filtered resources.
2024-03-28 12:29:32,643 [Worker-14: Building workspace] INFO  o.e.m.c.i.embedder.EclipseLogger - skip non existing resourceDirectory C:\Users\subra\OneDrive\Desktop\SRD-M3\User-App\src\test\resources
2024-03-28 12:30:11,851 [Worker-15: Building workspace] INFO  o.e.m.c.i.embedder.EclipseLogger - Using 'UTF-8' encoding to copy filtered resources.
2024-03-28 12:30:11,852 [Worker-15: Building workspace] INFO  o.e.m.c.i.embedder.EclipseLogger - skip non existing resourceDirectory C:\Users\subra\OneDrive\Desktop\SRD-M3\User-App\src\main\resources
2024-03-28 12:30:11,854 [Worker-15: Building workspace] INFO  o.e.m.c.i.embedder.EclipseLogger - Using 'UTF-8' encoding to copy filtered resources.
2024-03-28 12:30:11,854 [Worker-15: Building workspace] INFO  o.e.m.c.i.embedder.EclipseLogger - skip non existing resourceDirectory C:\Users\subra\OneDrive\Desktop\SRD-M3\User-App\src\test\resources
2024-03-28 12:30:40,471 [Worker-6: Building workspace] INFO  o.e.m.c.i.embedder.EclipseLogger - Using 'UTF-8' encoding to copy filtered resources.
2024-03-28 12:30:40,471 [Worker-6: Building workspace] INFO  o.e.m.c.i.embedder.EclipseLogger - skip non existing resourceDirectory C:\Users\subra\OneDrive\Desktop\SRD-M3\User-App\src\main\resources
2024-03-28 12:30:40,473 [Worker-6: Building workspace] INFO  o.e.m.c.i.embedder.EclipseLogger - Using 'UTF-8' encoding to copy filtered resources.
2024-03-28 12:30:40,476 [Worker-6: Building workspace] INFO  o.e.m.c.i.embedder.EclipseLogger - skip non existing resourceDirectory C:\Users\subra\OneDrive\Desktop\SRD-M3\User-App\src\test\resources
2024-03-28 12:31:02,625 [Worker-6: Building workspace] INFO  o.e.m.c.i.embedder.EclipseLogger - Using 'UTF-8' encoding to copy filtered resources.
2024-03-28 12:31:02,625 [Worker-6: Building workspace] INFO  o.e.m.c.i.embedder.EclipseLogger - skip non existing resourceDirectory C:\Users\subra\OneDrive\Desktop\SRD-M3\User-App\src\main\resources
2024-03-28 12:31:02,628 [Worker-6: Building workspace] INFO  o.e.m.c.i.embedder.EclipseLogger - Using 'UTF-8' encoding to copy filtered resources.
2024-03-28 12:31:02,628 [Worker-6: Building workspace] INFO  o.e.m.c.i.embedder.EclipseLogger - skip non existing resourceDirectory C:\Users\subra\OneDrive\Desktop\SRD-M3\User-App\src\test\resources
2024-03-28 12:31:17,031 [Worker-15: Building workspace] INFO  o.e.m.c.i.embedder.EclipseLogger - Using 'UTF-8' encoding to copy filtered resources.
2024-03-28 12:31:17,031 [Worker-15: Building workspace] INFO  o.e.m.c.i.embedder.EclipseLogger - skip non existing resourceDirectory C:\Users\subra\OneDrive\Desktop\SRD-M3\User-App\src\main\resources
2024-03-28 12:31:17,057 [Worker-15: Building workspace] INFO  o.e.m.c.i.embedder.EclipseLogger - Using 'UTF-8' encoding to copy filtered resources.
2024-03-28 12:31:17,059 [Worker-15: Building workspace] INFO  o.e.m.c.i.embedder.EclipseLogger - skip non existing resourceDirectory C:\Users\subra\OneDrive\Desktop\SRD-M3\User-App\src\test\resources
2024-03-28 12:31:49,627 [Worker-8: Building workspace] INFO  o.e.m.c.i.embedder.EclipseLogger - Using 'UTF-8' encoding to copy filtered resources.
2024-03-28 12:31:49,627 [Worker-8: Building workspace] INFO  o.e.m.c.i.embedder.EclipseLogger - skip non existing resourceDirectory C:\Users\subra\OneDrive\Desktop\SRD-M3\User-App\src\main\resources
2024-03-28 12:31:49,632 [Worker-8: Building workspace] INFO  o.e.m.c.i.embedder.EclipseLogger - Using 'UTF-8' encoding to copy filtered resources.
2024-03-28 12:31:49,633 [Worker-8: Building workspace] INFO  o.e.m.c.i.embedder.EclipseLogger - skip non existing resourceDirectory C:\Users\subra\OneDrive\Desktop\SRD-M3\User-App\src\test\resources
2024-03-28 12:32:14,745 [Worker-6: Building workspace] INFO  o.e.m.c.i.embedder.EclipseLogger - Using 'UTF-8' encoding to copy filtered resources.
2024-03-28 12:32:14,745 [Worker-6: Building workspace] INFO  o.e.m.c.i.embedder.EclipseLogger - skip non existing resourceDirectory C:\Users\subra\OneDrive\Desktop\SRD-M3\User-App\src\main\resources
2024-03-28 12:32:14,748 [Worker-6: Building workspace] INFO  o.e.m.c.i.embedder.EclipseLogger - Using 'UTF-8' encoding to copy filtered resources.
2024-03-28 12:32:14,748 [Worker-6: Building workspace] INFO  o.e.m.c.i.embedder.EclipseLogger - skip non existing resourceDirectory C:\Users\subra\OneDrive\Desktop\SRD-M3\User-App\src\test\resources
2024-03-28 12:32:42,422 [Worker-8: Building workspace] INFO  o.e.m.c.i.embedder.EclipseLogger - Using 'UTF-8' encoding to copy filtered resources.
2024-03-28 12:32:42,422 [Worker-8: Building workspace] INFO  o.e.m.c.i.embedder.EclipseLogger - skip non existing resourceDirectory C:\Users\subra\OneDrive\Desktop\SRD-M3\User-App\src\main\resources
2024-03-28 12:32:42,424 [Worker-8: Building workspace] INFO  o.e.m.c.i.embedder.EclipseLogger - Using 'UTF-8' encoding to copy filtered resources.
2024-03-28 12:32:42,425 [Worker-8: Building workspace] INFO  o.e.m.c.i.embedder.EclipseLogger - skip non existing resourceDirectory C:\Users\subra\OneDrive\Desktop\SRD-M3\User-App\src\test\resources
2024-03-28 12:32:57,889 [Worker-15: Building workspace] INFO  o.e.m.c.i.embedder.EclipseLogger - Using 'UTF-8' encoding to copy filtered resources.
2024-03-28 12:32:57,890 [Worker-15: Building workspace] INFO  o.e.m.c.i.embedder.EclipseLogger - skip non existing resourceDirectory C:\Users\subra\OneDrive\Desktop\SRD-M3\User-App\src\main\resources
2024-03-28 12:32:57,932 [Worker-15: Building workspace] INFO  o.e.m.c.i.embedder.EclipseLogger - Using 'UTF-8' encoding to copy filtered resources.
2024-03-28 12:32:57,933 [Worker-15: Building workspace] INFO  o.e.m.c.i.embedder.EclipseLogger - skip non existing resourceDirectory C:\Users\subra\OneDrive\Desktop\SRD-M3\User-App\src\test\resources
2024-03-28 12:33:28,871 [Worker-14: Building workspace] INFO  o.e.m.c.i.embedder.EclipseLogger - Using 'UTF-8' encoding to copy filtered resources.
2024-03-28 12:33:28,872 [Worker-14: Building workspace] INFO  o.e.m.c.i.embedder.EclipseLogger - skip non existing resourceDirectory C:\Users\subra\OneDrive\Desktop\SRD-M3\User-App\src\main\resources
2024-03-28 12:33:28,873 [Worker-14: Building workspace] INFO  o.e.m.c.i.embedder.EclipseLogger - Using 'UTF-8' encoding to copy filtered resources.
2024-03-28 12:33:28,873 [Worker-14: Building workspace] INFO  o.e.m.c.i.embedder.EclipseLogger - skip non existing resourceDirectory C:\Users\subra\OneDrive\Desktop\SRD-M3\User-App\src\test\resources
2024-03-28 12:33:45,183 [Worker-8: Building workspace] INFO  o.e.m.c.i.embedder.EclipseLogger - Using 'UTF-8' encoding to copy filtered resources.
2024-03-28 12:33:45,184 [Worker-8: Building workspace] INFO  o.e.m.c.i.embedder.EclipseLogger - skip non existing resourceDirectory C:\Users\subra\OneDrive\Desktop\SRD-M3\User-App\src\main\resources
2024-03-28 12:33:45,185 [Worker-8: Building workspace] INFO  o.e.m.c.i.embedder.EclipseLogger - Using 'UTF-8' encoding to copy filtered resources.
2024-03-28 12:33:45,185 [Worker-8: Building workspace] INFO  o.e.m.c.i.embedder.EclipseLogger - skip non existing resourceDirectory C:\Users\subra\OneDrive\Desktop\SRD-M3\User-App\src\test\resources
2024-03-28 12:33:57,120 [Worker-16: Building workspace] INFO  o.e.m.c.i.embedder.EclipseLogger - Using 'UTF-8' encoding to copy filtered resources.
2024-03-28 12:33:57,120 [Worker-16: Building workspace] INFO  o.e.m.c.i.embedder.EclipseLogger - skip non existing resourceDirectory C:\Users\subra\OneDrive\Desktop\SRD-M3\User-App\src\main\resources
2024-03-28 12:33:57,122 [Worker-16: Building workspace] INFO  o.e.m.c.i.embedder.EclipseLogger - Using 'UTF-8' encoding to copy filtered resources.
2024-03-28 12:33:57,122 [Worker-16: Building workspace] INFO  o.e.m.c.i.embedder.EclipseLogger - skip non existing resourceDirectory C:\Users\subra\OneDrive\Desktop\SRD-M3\User-App\src\test\resources
2024-03-28 12:34:23,693 [Worker-16: Building workspace] INFO  o.e.m.c.i.embedder.EclipseLogger - Using 'UTF-8' encoding to copy filtered resources.
2024-03-28 12:34:23,693 [Worker-16: Building workspace] INFO  o.e.m.c.i.embedder.EclipseLogger - skip non existing resourceDirectory C:\Users\subra\OneDrive\Desktop\SRD-M3\User-App\src\main\resources
2024-03-28 12:34:23,694 [Worker-16: Building workspace] INFO  o.e.m.c.i.embedder.EclipseLogger - Using 'UTF-8' encoding to copy filtered resources.
2024-03-28 12:34:23,695 [Worker-16: Building workspace] INFO  o.e.m.c.i.embedder.EclipseLogger - skip non existing resourceDirectory C:\Users\subra\OneDrive\Desktop\SRD-M3\User-App\src\test\resources
2024-03-28 12:34:39,019 [Worker-8: Building workspace] INFO  o.e.m.c.i.embedder.EclipseLogger - Using 'UTF-8' encoding to copy filtered resources.
2024-03-28 12:34:39,019 [Worker-8: Building workspace] INFO  o.e.m.c.i.embedder.EclipseLogger - skip non existing resourceDirectory C:\Users\subra\OneDrive\Desktop\SRD-M3\User-App\src\main\resources
2024-03-28 12:34:39,021 [Worker-8: Building workspace] INFO  o.e.m.c.i.embedder.EclipseLogger - Using 'UTF-8' encoding to copy filtered resources.
2024-03-28 12:34:39,021 [Worker-8: Building workspace] INFO  o.e.m.c.i.embedder.EclipseLogger - skip non existing resourceDirectory C:\Users\subra\OneDrive\Desktop\SRD-M3\User-App\src\test\resources
2024-03-29 16:37:47,639 [Worker-0: Building workspace] INFO  o.e.m.c.i.embedder.EclipseLogger - Using 'UTF-8' encoding to copy filtered resources.
2024-03-29 16:37:47,649 [Worker-0: Building workspace] INFO  o.e.m.c.i.embedder.EclipseLogger - skip non existing resourceDirectory C:\Users\subra\OneDrive\Desktop\SRD-M3\User-App\src\main\resources
2024-03-29 16:37:47,652 [Worker-0: Building workspace] INFO  o.e.m.c.i.embedder.EclipseLogger - Using 'UTF-8' encoding to copy filtered resources.
2024-03-29 16:37:47,653 [Worker-0: Building workspace] INFO  o.e.m.c.i.embedder.EclipseLogger - skip non existing resourceDirectory C:\Users\subra\OneDrive\Desktop\SRD-M3\User-App\src\test\resources
2024-04-02 12:41:44,314 [Worker-6: Building workspace] INFO  o.e.m.c.i.embedder.EclipseLogger - Using 'UTF-8' encoding to copy filtered resources.
2024-04-02 12:41:44,320 [Worker-6: Building workspace] INFO  o.e.m.c.i.embedder.EclipseLogger - skip non existing resourceDirectory C:\Users\subra\OneDrive\Desktop\SRD-M3\User-App\src\main\resources
2024-04-02 12:41:44,323 [Worker-6: Building workspace] INFO  o.e.m.c.i.embedder.EclipseLogger - Using 'UTF-8' encoding to copy filtered resources.
2024-04-02 12:41:44,324 [Worker-6: Building workspace] INFO  o.e.m.c.i.embedder.EclipseLogger - skip non existing resourceDirectory C:\Users\subra\OneDrive\Desktop\SRD-M3\User-App\src\test\resources
2024-05-13 10:12:00,172 [Worker-8: Building workspace] INFO  o.e.m.c.i.embedder.EclipseLogger - Using 'UTF-8' encoding to copy filtered resources.
2024-05-13 10:12:00,178 [Worker-8: Building workspace] INFO  o.e.m.c.i.embedder.EclipseLogger - skip non existing resourceDirectory C:\Users\subra\OneDrive\Desktop\SRD-M3\User-App\src\main\resources
2024-05-13 10:12:00,183 [Worker-8: Building workspace] INFO  o.e.m.c.i.embedder.EclipseLogger - Using 'UTF-8' encoding to copy filtered resources.
2024-05-13 10:12:00,183 [Worker-8: Building workspace] INFO  o.e.m.c.i.embedder.EclipseLogger - skip non existing resourceDirectory C:\Users\subra\OneDrive\Desktop\SRD-M3\User-App\src\test\resources
2024-05-13 10:12:04,585 [Worker-11: Loading available Gradle versions] INFO  o.e.b.c.i.u.g.PublishedGradleVersions - Gradle version information cache is out-of-date. Trying to update.
2024-05-13 10:12:04,738 [Worker-11: Loading available Gradle versions] INFO  o.e.b.c.i.u.g.PublishedGradleVersions - Updating Gradle version information cache failed. Using outdated cache.
2024-05-13 10:15:14,751 [Worker-11: Building workspace] INFO  o.e.m.c.i.embedder.EclipseLogger - Using 'UTF-8' encoding to copy filtered resources.
2024-05-13 10:15:14,752 [Worker-11: Building workspace] INFO  o.e.m.c.i.embedder.EclipseLogger - skip non existing resourceDirectory C:\Users\subra\OneDrive\Desktop\SRD-M3\User-App\src\main\resources
2024-05-13 10:15:14,754 [Worker-11: Building workspace] INFO  o.e.m.c.i.embedder.EclipseLogger - Using 'UTF-8' encoding to copy filtered resources.
2024-05-13 10:15:14,754 [Worker-11: Building workspace] INFO  o.e.m.c.i.embedder.EclipseLogger - skip non existing resourceDirectory C:\Users\subra\OneDrive\Desktop\SRD-M3\User-App\src\test\resources
2024-05-13 10:16:59,104 [Worker-10: Building workspace] INFO  o.e.m.c.i.embedder.EclipseLogger - Using 'UTF-8' encoding to copy filtered resources.
2024-05-13 10:16:59,104 [Worker-10: Building workspace] INFO  o.e.m.c.i.embedder.EclipseLogger - skip non existing resourceDirectory C:\Users\subra\OneDrive\Desktop\SRD-M3\User-App\src\main\resources
2024-05-13 10:16:59,107 [Worker-10: Building workspace] INFO  o.e.m.c.i.embedder.EclipseLogger - Using 'UTF-8' encoding to copy filtered resources.
2024-05-13 10:16:59,108 [Worker-10: Building workspace] INFO  o.e.m.c.i.embedder.EclipseLogger - skip non existing resourceDirectory C:\Users\subra\OneDrive\Desktop\SRD-M3\User-App\src\test\resources
2024-05-13 10:21:49,960 [Worker-14: Building workspace] INFO  o.e.m.c.i.embedder.EclipseLogger - Using 'UTF-8' encoding to copy filtered resources.
2024-05-13 10:21:49,960 [Worker-14: Building workspace] INFO  o.e.m.c.i.embedder.EclipseLogger - skip non existing resourceDirectory C:\Users\subra\OneDrive\Desktop\SRD-M3\User-App\src\main\resources
2024-05-13 10:21:49,964 [Worker-14: Building workspace] INFO  o.e.m.c.i.embedder.EclipseLogger - Using 'UTF-8' encoding to copy filtered resources.
2024-05-13 10:21:49,964 [Worker-14: Building workspace] INFO  o.e.m.c.i.embedder.EclipseLogger - skip non existing resourceDirectory C:\Users\subra\OneDrive\Desktop\SRD-M3\User-App\src\test\resources
2024-05-13 10:23:53,673 [Worker-5: Loading available Gradle versions] INFO  o.e.b.c.i.u.g.PublishedGradleVersions - Gradle version information cache is out-of-date. Trying to update.
2024-05-13 10:23:53,847 [Worker-5: Loading available Gradle versions] INFO  o.e.b.c.i.u.g.PublishedGradleVersions - Updating Gradle version information cache failed. Using outdated cache.
2024-05-13 10:23:57,242 [Worker-6: Building workspace] INFO  o.e.m.c.i.embedder.EclipseLogger - Using 'UTF-8' encoding to copy filtered resources.
2024-05-13 10:23:57,243 [Worker-6: Building workspace] INFO  o.e.m.c.i.embedder.EclipseLogger - skip non existing resourceDirectory C:\Users\subra\OneDrive\Desktop\SRD-M3\User-App\src\main\resources
2024-05-13 10:23:57,246 [Worker-6: Building workspace] INFO  o.e.m.c.i.embedder.EclipseLogger - Using 'UTF-8' encoding to copy filtered resources.
2024-05-13 10:23:57,246 [Worker-6: Building workspace] INFO  o.e.m.c.i.embedder.EclipseLogger - skip non existing resourceDirectory C:\Users\subra\OneDrive\Desktop\SRD-M3\User-App\src\test\resources
2024-05-13 10:28:20,674 [Worker-15: Building workspace] INFO  o.e.m.c.i.embedder.EclipseLogger - Using 'UTF-8' encoding to copy filtered resources.
2024-05-13 10:28:20,675 [Worker-15: Building workspace] INFO  o.e.m.c.i.embedder.EclipseLogger - skip non existing resourceDirectory C:\Users\subra\OneDrive\Desktop\SRD-M3\User-App\src\main\resources
2024-05-13 10:28:20,678 [Worker-15: Building workspace] INFO  o.e.m.c.i.embedder.EclipseLogger - Using 'UTF-8' encoding to copy filtered resources.
2024-05-13 10:28:20,678 [Worker-15: Building workspace] INFO  o.e.m.c.i.embedder.EclipseLogger - skip non existing resourceDirectory C:\Users\subra\OneDrive\Desktop\SRD-M3\User-App\src\test\resources
2024-05-13 10:28:33,928 [Worker-0: Building workspace] INFO  o.e.m.c.i.embedder.EclipseLogger - Using 'UTF-8' encoding to copy filtered resources.
2024-05-13 10:28:33,929 [Worker-0: Building workspace] INFO  o.e.m.c.i.embedder.EclipseLogger - skip non existing resourceDirectory C:\Users\subra\OneDrive\Desktop\SRD-M3\User-App\src\main\resources
2024-05-13 10:28:33,931 [Worker-0: Building workspace] INFO  o.e.m.c.i.embedder.EclipseLogger - Using 'UTF-8' encoding to copy filtered resources.
2024-05-13 10:28:33,931 [Worker-0: Building workspace] INFO  o.e.m.c.i.embedder.EclipseLogger - skip non existing resourceDirectory C:\Users\subra\OneDrive\Desktop\SRD-M3\User-App\src\test\resources
2024-05-13 10:31:58,931 [Worker-16: Building workspace] INFO  o.e.m.c.i.embedder.EclipseLogger - Using 'UTF-8' encoding to copy filtered resources.
2024-05-13 10:31:58,931 [Worker-16: Building workspace] INFO  o.e.m.c.i.embedder.EclipseLogger - skip non existing resourceDirectory C:\Users\subra\OneDrive\Desktop\SRD-M3\User-App\src\main\resources
2024-05-13 10:31:58,934 [Worker-16: Building workspace] INFO  o.e.m.c.i.embedder.EclipseLogger - Using 'UTF-8' encoding to copy filtered resources.
2024-05-13 10:31:58,935 [Worker-16: Building workspace] INFO  o.e.m.c.i.embedder.EclipseLogger - skip non existing resourceDirectory C:\Users\subra\OneDrive\Desktop\SRD-M3\User-App\src\test\resources
2024-05-13 10:33:53,370 [Worker-10: Building workspace] INFO  o.e.m.c.i.embedder.EclipseLogger - Using 'UTF-8' encoding to copy filtered resources.
2024-05-13 10:33:53,370 [Worker-10: Building workspace] INFO  o.e.m.c.i.embedder.EclipseLogger - skip non existing resourceDirectory C:\Users\subra\OneDrive\Desktop\SRD-M3\User-App\src\main\resources
2024-05-13 10:33:53,372 [Worker-10: Building workspace] INFO  o.e.m.c.i.embedder.EclipseLogger - Using 'UTF-8' encoding to copy filtered resources.
2024-05-13 10:33:53,372 [Worker-10: Building workspace] INFO  o.e.m.c.i.embedder.EclipseLogger - skip non existing resourceDirectory C:\Users\subra\OneDrive\Desktop\SRD-M3\User-App\src\test\resources
2024-05-13 10:44:20,819 [Worker-16: Building workspace] INFO  o.e.m.c.i.embedder.EclipseLogger - Using 'UTF-8' encoding to copy filtered resources.
2024-05-13 10:44:20,819 [Worker-16: Building workspace] INFO  o.e.m.c.i.embedder.EclipseLogger - skip non existing resourceDirectory C:\Users\subra\OneDrive\Desktop\SRD-M3\User-App\src\main\resources
2024-05-13 10:44:20,822 [Worker-16: Building workspace] INFO  o.e.m.c.i.embedder.EclipseLogger - Using 'UTF-8' encoding to copy filtered resources.
2024-05-13 10:44:20,822 [Worker-16: Building workspace] INFO  o.e.m.c.i.embedder.EclipseLogger - skip non existing resourceDirectory C:\Users\subra\OneDrive\Desktop\SRD-M3\User-App\src\test\resources
2024-05-13 10:44:58,483 [Worker-10: Building workspace] INFO  o.e.m.c.i.embedder.EclipseLogger - Using 'UTF-8' encoding to copy filtered resources.
2024-05-13 10:44:58,483 [Worker-10: Building workspace] INFO  o.e.m.c.i.embedder.EclipseLogger - skip non existing resourceDirectory C:\Users\subra\OneDrive\Desktop\SRD-M3\User-App\src\main\resources
2024-05-13 10:44:58,488 [Worker-10: Building workspace] INFO  o.e.m.c.i.embedder.EclipseLogger - Using 'UTF-8' encoding to copy filtered resources.
2024-05-13 10:44:58,488 [Worker-10: Building workspace] INFO  o.e.m.c.i.embedder.EclipseLogger - skip non existing resourceDirectory C:\Users\subra\OneDrive\Desktop\SRD-M3\User-App\src\test\resources
2024-05-13 10:47:50,506 [Worker-16: Building workspace] INFO  o.e.m.c.i.embedder.EclipseLogger - Using 'UTF-8' encoding to copy filtered resources.
2024-05-13 10:47:50,507 [Worker-16: Building workspace] INFO  o.e.m.c.i.embedder.EclipseLogger - skip non existing resourceDirectory C:\Users\subra\OneDrive\Desktop\SRD-M3\User-App\src\main\resources
2024-05-13 10:47:50,515 [Worker-16: Building workspace] INFO  o.e.m.c.i.embedder.EclipseLogger - Using 'UTF-8' encoding to copy filtered resources.
2024-05-13 10:47:50,515 [Worker-16: Building workspace] INFO  o.e.m.c.i.embedder.EclipseLogger - skip non existing resourceDirectory C:\Users\subra\OneDrive\Desktop\SRD-M3\User-App\src\test\resources
2024-05-13 10:48:22,165 [Worker-22: Building workspace] INFO  o.e.m.c.i.embedder.EclipseLogger - Using 'UTF-8' encoding to copy filtered resources.
2024-05-13 10:48:22,165 [Worker-22: Building workspace] INFO  o.e.m.c.i.embedder.EclipseLogger - skip non existing resourceDirectory C:\Users\subra\OneDrive\Desktop\SRD-M3\User-App\src\main\resources
2024-05-13 10:48:22,169 [Worker-22: Building workspace] INFO  o.e.m.c.i.embedder.EclipseLogger - Using 'UTF-8' encoding to copy filtered resources.
2024-05-13 10:48:22,170 [Worker-22: Building workspace] INFO  o.e.m.c.i.embedder.EclipseLogger - skip non existing resourceDirectory C:\Users\subra\OneDrive\Desktop\SRD-M3\User-App\src\test\resources
2024-05-13 10:49:21,918 [Worker-22: Building workspace] INFO  o.e.m.c.i.embedder.EclipseLogger - Using 'UTF-8' encoding to copy filtered resources.
2024-05-13 10:49:21,918 [Worker-22: Building workspace] INFO  o.e.m.c.i.embedder.EclipseLogger - skip non existing resourceDirectory C:\Users\subra\OneDrive\Desktop\SRD-M3\User-App\src\main\resources
2024-05-13 10:49:21,921 [Worker-22: Building workspace] INFO  o.e.m.c.i.embedder.EclipseLogger - Using 'UTF-8' encoding to copy filtered resources.
2024-05-13 10:49:21,921 [Worker-22: Building workspace] INFO  o.e.m.c.i.embedder.EclipseLogger - skip non existing resourceDirectory C:\Users\subra\OneDrive\Desktop\SRD-M3\User-App\src\test\resources
2024-05-13 10:55:04,777 [Worker-16: Building workspace] INFO  o.e.m.c.i.embedder.EclipseLogger - Using 'UTF-8' encoding to copy filtered resources.
2024-05-13 10:55:04,777 [Worker-16: Building workspace] INFO  o.e.m.c.i.embedder.EclipseLogger - skip non existing resourceDirectory C:\Users\subra\OneDrive\Desktop\SRD-M3\User-App\src\main\resources
2024-05-13 10:55:04,780 [Worker-16: Building workspace] INFO  o.e.m.c.i.embedder.EclipseLogger - Using 'UTF-8' encoding to copy filtered resources.
2024-05-13 10:55:04,780 [Worker-16: Building workspace] INFO  o.e.m.c.i.embedder.EclipseLogger - skip non existing resourceDirectory C:\Users\subra\OneDrive\Desktop\SRD-M3\User-App\src\test\resources
2024-05-13 10:56:27,936 [Worker-5: Building workspace] INFO  o.e.m.c.i.embedder.EclipseLogger - Using 'UTF-8' encoding to copy filtered resources.
2024-05-13 10:56:27,937 [Worker-5: Building workspace] INFO  o.e.m.c.i.embedder.EclipseLogger - skip non existing resourceDirectory C:\Users\subra\OneDrive\Desktop\SRD-M3\User-App\src\main\resources
2024-05-13 10:56:27,939 [Worker-5: Building workspace] INFO  o.e.m.c.i.embedder.EclipseLogger - Using 'UTF-8' encoding to copy filtered resources.
2024-05-13 10:56:27,939 [Worker-5: Building workspace] INFO  o.e.m.c.i.embedder.EclipseLogger - skip non existing resourceDirectory C:\Users\subra\OneDrive\Desktop\SRD-M3\User-App\src\test\resources
2024-05-13 10:58:55,703 [Worker-24: Building workspace] INFO  o.e.m.c.i.embedder.EclipseLogger - Using 'UTF-8' encoding to copy filtered resources.
2024-05-13 10:58:55,703 [Worker-24: Building workspace] INFO  o.e.m.c.i.embedder.EclipseLogger - skip non existing resourceDirectory C:\Users\subra\OneDrive\Desktop\SRD-M3\User-App\src\main\resources
2024-05-13 10:58:55,705 [Worker-24: Building workspace] INFO  o.e.m.c.i.embedder.EclipseLogger - Using 'UTF-8' encoding to copy filtered resources.
2024-05-13 10:58:55,706 [Worker-24: Building workspace] INFO  o.e.m.c.i.embedder.EclipseLogger - skip non existing resourceDirectory C:\Users\subra\OneDrive\Desktop\SRD-M3\User-App\src\test\resources
2024-05-13 11:05:51,573 [Worker-34: Building workspace] INFO  o.e.m.c.i.embedder.EclipseLogger - Using 'UTF-8' encoding to copy filtered resources.
2024-05-13 11:05:51,573 [Worker-34: Building workspace] INFO  o.e.m.c.i.embedder.EclipseLogger - skip non existing resourceDirectory C:\Users\subra\OneDrive\Desktop\SRD-M3\User-App\src\main\resources
2024-05-13 11:05:51,575 [Worker-34: Building workspace] INFO  o.e.m.c.i.embedder.EclipseLogger - Using 'UTF-8' encoding to copy filtered resources.
2024-05-13 11:05:51,575 [Worker-34: Building workspace] INFO  o.e.m.c.i.embedder.EclipseLogger - skip non existing resourceDirectory C:\Users\subra\OneDrive\Desktop\SRD-M3\User-App\src\test\resources
2024-05-13 11:07:35,668 [Worker-39: Building workspace] INFO  o.e.m.c.i.embedder.EclipseLogger - Using 'UTF-8' encoding to copy filtered resources.
2024-05-13 11:07:35,669 [Worker-39: Building workspace] INFO  o.e.m.c.i.embedder.EclipseLogger - skip non existing resourceDirectory C:\Users\subra\OneDrive\Desktop\SRD-M3\User-App\src\main\resources
2024-05-13 11:07:35,671 [Worker-39: Building workspace] INFO  o.e.m.c.i.embedder.EclipseLogger - Using 'UTF-8' encoding to copy filtered resources.
2024-05-13 11:07:35,672 [Worker-39: Building workspace] INFO  o.e.m.c.i.embedder.EclipseLogger - skip non existing resourceDirectory C:\Users\subra\OneDrive\Desktop\SRD-M3\User-App\src\test\resources
2024-05-13 11:08:55,322 [Worker-38: Building workspace] INFO  o.e.m.c.i.embedder.EclipseLogger - Using 'UTF-8' encoding to copy filtered resources.
2024-05-13 11:08:55,322 [Worker-38: Building workspace] INFO  o.e.m.c.i.embedder.EclipseLogger - skip non existing resourceDirectory C:\Users\subra\OneDrive\Desktop\SRD-M3\User-App\src\main\resources
2024-05-13 11:08:55,326 [Worker-38: Building workspace] INFO  o.e.m.c.i.embedder.EclipseLogger - Using 'UTF-8' encoding to copy filtered resources.
2024-05-13 11:08:55,326 [Worker-38: Building workspace] INFO  o.e.m.c.i.embedder.EclipseLogger - skip non existing resourceDirectory C:\Users\subra\OneDrive\Desktop\SRD-M3\User-App\src\test\resources
2024-05-13 11:09:33,642 [Worker-39: Building workspace] INFO  o.e.m.c.i.embedder.EclipseLogger - Using 'UTF-8' encoding to copy filtered resources.
2024-05-13 11:09:33,642 [Worker-39: Building workspace] INFO  o.e.m.c.i.embedder.EclipseLogger - skip non existing resourceDirectory C:\Users\subra\OneDrive\Desktop\SRD-M3\User-App\src\main\resources
2024-05-13 11:09:33,644 [Worker-39: Building workspace] INFO  o.e.m.c.i.embedder.EclipseLogger - Using 'UTF-8' encoding to copy filtered resources.
2024-05-13 11:09:33,644 [Worker-39: Building workspace] INFO  o.e.m.c.i.embedder.EclipseLogger - skip non existing resourceDirectory C:\Users\subra\OneDrive\Desktop\SRD-M3\User-App\src\test\resources
2024-05-13 11:09:53,239 [Worker-36: Building workspace] INFO  o.e.m.c.i.embedder.EclipseLogger - Using 'UTF-8' encoding to copy filtered resources.
2024-05-13 11:09:53,239 [Worker-36: Building workspace] INFO  o.e.m.c.i.embedder.EclipseLogger - skip non existing resourceDirectory C:\Users\subra\OneDrive\Desktop\SRD-M3\User-App\src\main\resources
2024-05-13 11:09:53,244 [Worker-36: Building workspace] INFO  o.e.m.c.i.embedder.EclipseLogger - Using 'UTF-8' encoding to copy filtered resources.
2024-05-13 11:09:53,245 [Worker-36: Building workspace] INFO  o.e.m.c.i.embedder.EclipseLogger - skip non existing resourceDirectory C:\Users\subra\OneDrive\Desktop\SRD-M3\User-App\src\test\resources
2024-05-13 12:26:58,564 [Worker-36: Building workspace] INFO  o.e.m.c.i.embedder.EclipseLogger - Using 'UTF-8' encoding to copy filtered resources.
2024-05-13 12:26:58,564 [Worker-36: Building workspace] INFO  o.e.m.c.i.embedder.EclipseLogger - skip non existing resourceDirectory C:\Users\subra\OneDrive\Desktop\SRD-M3\User-App\src\main\resources
2024-05-13 12:26:58,567 [Worker-36: Building workspace] INFO  o.e.m.c.i.embedder.EclipseLogger - Using 'UTF-8' encoding to copy filtered resources.
2024-05-13 12:26:58,568 [Worker-36: Building workspace] INFO  o.e.m.c.i.embedder.EclipseLogger - skip non existing resourceDirectory C:\Users\subra\OneDrive\Desktop\SRD-M3\User-App\src\test\resources
2024-05-13 12:27:39,225 [Worker-35: Building workspace] INFO  o.e.m.c.i.embedder.EclipseLogger - Using 'UTF-8' encoding to copy filtered resources.
2024-05-13 12:27:39,226 [Worker-35: Building workspace] INFO  o.e.m.c.i.embedder.EclipseLogger - skip non existing resourceDirectory C:\Users\subra\OneDrive\Desktop\SRD-M3\User-App\src\main\resources
2024-05-13 12:27:39,227 [Worker-35: Building workspace] INFO  o.e.m.c.i.embedder.EclipseLogger - Using 'UTF-8' encoding to copy filtered resources.
2024-05-13 12:27:39,228 [Worker-35: Building workspace] INFO  o.e.m.c.i.embedder.EclipseLogger - skip non existing resourceDirectory C:\Users\subra\OneDrive\Desktop\SRD-M3\User-App\src\test\resources
2024-05-13 12:28:42,429 [Worker-40: Building workspace] INFO  o.e.m.c.i.embedder.EclipseLogger - Using 'UTF-8' encoding to copy filtered resources.
2024-05-13 12:28:42,429 [Worker-40: Building workspace] INFO  o.e.m.c.i.embedder.EclipseLogger - skip non existing resourceDirectory C:\Users\subra\OneDrive\Desktop\SRD-M3\User-App\src\main\resources
2024-05-13 12:28:42,431 [Worker-40: Building workspace] INFO  o.e.m.c.i.embedder.EclipseLogger - Using 'UTF-8' encoding to copy filtered resources.
2024-05-13 12:28:42,431 [Worker-40: Building workspace] INFO  o.e.m.c.i.embedder.EclipseLogger - skip non existing resourceDirectory C:\Users\subra\OneDrive\Desktop\SRD-M3\User-App\src\test\resources
2024-05-13 12:30:30,284 [Worker-34: Building workspace] INFO  o.e.m.c.i.embedder.EclipseLogger - Using 'UTF-8' encoding to copy filtered resources.
2024-05-13 12:30:30,284 [Worker-34: Building workspace] INFO  o.e.m.c.i.embedder.EclipseLogger - skip non existing resourceDirectory C:\Users\subra\OneDrive\Desktop\SRD-M3\User-App\src\main\resources
2024-05-13 12:30:30,286 [Worker-34: Building workspace] INFO  o.e.m.c.i.embedder.EclipseLogger - Using 'UTF-8' encoding to copy filtered resources.
2024-05-13 12:30:30,286 [Worker-34: Building workspace] INFO  o.e.m.c.i.embedder.EclipseLogger - skip non existing resourceDirectory C:\Users\subra\OneDrive\Desktop\SRD-M3\User-App\src\test\resources
2024-05-13 12:31:04,523 [Worker-36: Building workspace] INFO  o.e.m.c.i.embedder.EclipseLogger - Using 'UTF-8' encoding to copy filtered resources.
2024-05-13 12:31:04,523 [Worker-36: Building workspace] INFO  o.e.m.c.i.embedder.EclipseLogger - skip non existing resourceDirectory C:\Users\subra\OneDrive\Desktop\SRD-M3\User-App\src\main\resources
2024-05-13 12:31:04,525 [Worker-36: Building workspace] INFO  o.e.m.c.i.embedder.EclipseLogger - Using 'UTF-8' encoding to copy filtered resources.
2024-05-13 12:31:04,525 [Worker-36: Building workspace] INFO  o.e.m.c.i.embedder.EclipseLogger - skip non existing resourceDirectory C:\Users\subra\OneDrive\Desktop\SRD-M3\User-App\src\test\resources
2024-05-13 12:32:16,717 [Worker-37: Building workspace] INFO  o.e.m.c.i.embedder.EclipseLogger - Using 'UTF-8' encoding to copy filtered resources.
2024-05-13 12:32:16,717 [Worker-37: Building workspace] INFO  o.e.m.c.i.embedder.EclipseLogger - skip non existing resourceDirectory C:\Users\subra\OneDrive\Desktop\SRD-M3\User-App\src\main\resources
2024-05-13 12:32:16,720 [Worker-37: Building workspace] INFO  o.e.m.c.i.embedder.EclipseLogger - Using 'UTF-8' encoding to copy filtered resources.
2024-05-13 12:32:16,720 [Worker-37: Building workspace] INFO  o.e.m.c.i.embedder.EclipseLogger - skip non existing resourceDirectory C:\Users\subra\OneDrive\Desktop\SRD-M3\User-App\src\test\resources
2024-05-13 12:32:44,152 [Worker-36: Building workspace] INFO  o.e.m.c.i.embedder.EclipseLogger - Using 'UTF-8' encoding to copy filtered resources.
2024-05-13 12:32:44,152 [Worker-36: Building workspace] INFO  o.e.m.c.i.embedder.EclipseLogger - skip non existing resourceDirectory C:\Users\subra\OneDrive\Desktop\SRD-M3\User-App\src\main\resources
2024-05-13 12:32:44,155 [Worker-36: Building workspace] INFO  o.e.m.c.i.embedder.EclipseLogger - Using 'UTF-8' encoding to copy filtered resources.
2024-05-13 12:32:44,156 [Worker-36: Building workspace] INFO  o.e.m.c.i.embedder.EclipseLogger - skip non existing resourceDirectory C:\Users\subra\OneDrive\Desktop\SRD-M3\User-App\src\test\resources
2024-05-13 12:34:17,146 [Worker-40: Building workspace] INFO  o.e.m.c.i.embedder.EclipseLogger - Using 'UTF-8' encoding to copy filtered resources.
2024-05-13 12:34:17,147 [Worker-40: Building workspace] INFO  o.e.m.c.i.embedder.EclipseLogger - skip non existing resourceDirectory C:\Users\subra\OneDrive\Desktop\SRD-M3\User-App\src\main\resources
2024-05-13 12:34:17,149 [Worker-40: Building workspace] INFO  o.e.m.c.i.embedder.EclipseLogger - Using 'UTF-8' encoding to copy filtered resources.
2024-05-13 12:34:17,150 [Worker-40: Building workspace] INFO  o.e.m.c.i.embedder.EclipseLogger - skip non existing resourceDirectory C:\Users\subra\OneDrive\Desktop\SRD-M3\User-App\src\test\resources
2024-05-13 12:36:32,022 [Worker-37: Building workspace] INFO  o.e.m.c.i.embedder.EclipseLogger - Using 'UTF-8' encoding to copy filtered resources.
2024-05-13 12:36:32,022 [Worker-37: Building workspace] INFO  o.e.m.c.i.embedder.EclipseLogger - skip non existing resourceDirectory C:\Users\subra\OneDrive\Desktop\SRD-M3\User-App\src\main\resources
2024-05-13 12:36:32,023 [Worker-37: Building workspace] INFO  o.e.m.c.i.embedder.EclipseLogger - Using 'UTF-8' encoding to copy filtered resources.
2024-05-13 12:36:32,024 [Worker-37: Building workspace] INFO  o.e.m.c.i.embedder.EclipseLogger - skip non existing resourceDirectory C:\Users\subra\OneDrive\Desktop\SRD-M3\User-App\src\test\resources
2024-05-13 12:42:31,710 [Worker-46: Building workspace] INFO  o.e.m.c.i.embedder.EclipseLogger - Using 'UTF-8' encoding to copy filtered resources.
2024-05-13 12:42:31,710 [Worker-46: Building workspace] INFO  o.e.m.c.i.embedder.EclipseLogger - skip non existing resourceDirectory C:\Users\subra\OneDrive\Desktop\SRD-M3\User-App\src\main\resources
2024-05-13 12:42:31,713 [Worker-46: Building workspace] INFO  o.e.m.c.i.embedder.EclipseLogger - Using 'UTF-8' encoding to copy filtered resources.
2024-05-13 12:42:31,713 [Worker-46: Building workspace] INFO  o.e.m.c.i.embedder.EclipseLogger - skip non existing resourceDirectory C:\Users\subra\OneDrive\Desktop\SRD-M3\User-App\src\test\resources
2024-05-13 14:26:45,150 [Worker-44: Building workspace] INFO  o.e.m.c.i.embedder.EclipseLogger - Using 'UTF-8' encoding to copy filtered resources.
2024-05-13 14:26:45,152 [Worker-44: Building workspace] INFO  o.e.m.c.i.embedder.EclipseLogger - skip non existing resourceDirectory C:\Users\subra\OneDrive\Desktop\SRD-M3\User-App\src\main\resources
2024-05-13 14:26:45,154 [Worker-44: Building workspace] INFO  o.e.m.c.i.embedder.EclipseLogger - Using 'UTF-8' encoding to copy filtered resources.
2024-05-13 14:26:45,154 [Worker-44: Building workspace] INFO  o.e.m.c.i.embedder.EclipseLogger - skip non existing resourceDirectory C:\Users\subra\OneDrive\Desktop\SRD-M3\User-App\src\test\resources
2024-05-13 14:28:08,290 [Worker-35: Building workspace] INFO  o.e.m.c.i.embedder.EclipseLogger - Using 'UTF-8' encoding to copy filtered resources.
2024-05-13 14:28:08,291 [Worker-35: Building workspace] INFO  o.e.m.c.i.embedder.EclipseLogger - skip non existing resourceDirectory C:\Users\subra\OneDrive\Desktop\SRD-M3\User-App\src\main\resources
2024-05-13 14:28:08,294 [Worker-35: Building workspace] INFO  o.e.m.c.i.embedder.EclipseLogger - Using 'UTF-8' encoding to copy filtered resources.
2024-05-13 14:28:08,298 [Worker-35: Building workspace] INFO  o.e.m.c.i.embedder.EclipseLogger - skip non existing resourceDirectory C:\Users\subra\OneDrive\Desktop\SRD-M3\User-App\src\test\resources
2024-05-13 14:28:54,760 [Worker-50: Building workspace] INFO  o.e.m.c.i.embedder.EclipseLogger - Using 'UTF-8' encoding to copy filtered resources.
2024-05-13 14:28:54,760 [Worker-50: Building workspace] INFO  o.e.m.c.i.embedder.EclipseLogger - skip non existing resourceDirectory C:\Users\subra\OneDrive\Desktop\SRD-M3\User-App\src\main\resources
2024-05-13 14:28:54,762 [Worker-50: Building workspace] INFO  o.e.m.c.i.embedder.EclipseLogger - Using 'UTF-8' encoding to copy filtered resources.
2024-05-13 14:28:54,763 [Worker-50: Building workspace] INFO  o.e.m.c.i.embedder.EclipseLogger - skip non existing resourceDirectory C:\Users\subra\OneDrive\Desktop\SRD-M3\User-App\src\test\resources
2024-05-13 14:32:35,269 [Worker-44: Building workspace] INFO  o.e.m.c.i.embedder.EclipseLogger - Using 'UTF-8' encoding to copy filtered resources.
2024-05-13 14:32:35,270 [Worker-44: Building workspace] INFO  o.e.m.c.i.embedder.EclipseLogger - skip non existing resourceDirectory C:\Users\subra\OneDrive\Desktop\SRD-M3\User-App\src\main\resources
2024-05-13 14:32:35,274 [Worker-44: Building workspace] INFO  o.e.m.c.i.embedder.EclipseLogger - Using 'UTF-8' encoding to copy filtered resources.
2024-05-13 14:32:35,275 [Worker-44: Building workspace] INFO  o.e.m.c.i.embedder.EclipseLogger - skip non existing resourceDirectory C:\Users\subra\OneDrive\Desktop\SRD-M3\User-App\src\test\resources
2024-05-13 14:44:34,901 [Worker-16: Building workspace] INFO  o.e.m.c.i.embedder.EclipseLogger - Using 'UTF-8' encoding to copy filtered resources.
2024-05-13 14:44:34,902 [Worker-16: Building workspace] INFO  o.e.m.c.i.embedder.EclipseLogger - skip non existing resourceDirectory C:\Users\subra\OneDrive\Desktop\SRD-M3\User-App\src\main\resources
2024-05-13 14:44:34,904 [Worker-16: Building workspace] INFO  o.e.m.c.i.embedder.EclipseLogger - Using 'UTF-8' encoding to copy filtered resources.
2024-05-13 14:44:34,904 [Worker-16: Building workspace] INFO  o.e.m.c.i.embedder.EclipseLogger - skip non existing resourceDirectory C:\Users\subra\OneDrive\Desktop\SRD-M3\User-App\src\test\resources
2024-05-13 14:48:40,260 [Worker-63: Building workspace] INFO  o.e.m.c.i.embedder.EclipseLogger - Using 'UTF-8' encoding to copy filtered resources.
2024-05-13 14:48:40,261 [Worker-63: Building workspace] INFO  o.e.m.c.i.embedder.EclipseLogger - skip non existing resourceDirectory C:\Users\subra\OneDrive\Desktop\SRD-M3\User-App\src\main\resources
2024-05-13 14:48:40,264 [Worker-63: Building workspace] INFO  o.e.m.c.i.embedder.EclipseLogger - Using 'UTF-8' encoding to copy filtered resources.
2024-05-13 14:48:40,265 [Worker-63: Building workspace] INFO  o.e.m.c.i.embedder.EclipseLogger - skip non existing resourceDirectory C:\Users\subra\OneDrive\Desktop\SRD-M3\User-App\src\test\resources
2024-05-13 14:48:58,553 [Worker-62: Building workspace] INFO  o.e.m.c.i.embedder.EclipseLogger - Using 'UTF-8' encoding to copy filtered resources.
2024-05-13 14:48:58,558 [Worker-62: Building workspace] INFO  o.e.m.c.i.embedder.EclipseLogger - skip non existing resourceDirectory C:\Users\subra\OneDrive\Desktop\SRD-M3\User-App\src\main\resources
2024-05-13 14:48:58,561 [Worker-62: Building workspace] INFO  o.e.m.c.i.embedder.EclipseLogger - Using 'UTF-8' encoding to copy filtered resources.
2024-05-13 14:48:58,562 [Worker-62: Building workspace] INFO  o.e.m.c.i.embedder.EclipseLogger - skip non existing resourceDirectory C:\Users\subra\OneDrive\Desktop\SRD-M3\User-App\src\test\resources
2024-05-13 14:50:22,929 [Worker-61: Building workspace] INFO  o.e.m.c.i.embedder.EclipseLogger - Using 'UTF-8' encoding to copy filtered resources.
2024-05-13 14:50:22,929 [Worker-61: Building workspace] INFO  o.e.m.c.i.embedder.EclipseLogger - skip non existing resourceDirectory C:\Users\subra\OneDrive\Desktop\SRD-M3\User-App\src\main\resources
2024-05-13 14:50:22,963 [Worker-61: Building workspace] INFO  o.e.m.c.i.embedder.EclipseLogger - Using 'UTF-8' encoding to copy filtered resources.
2024-05-13 14:50:22,964 [Worker-61: Building workspace] INFO  o.e.m.c.i.embedder.EclipseLogger - skip non existing resourceDirectory C:\Users\subra\OneDrive\Desktop\SRD-M3\User-App\src\test\resources
2024-05-13 14:50:23,995 [Worker-66: Building workspace] INFO  o.e.m.c.i.embedder.EclipseLogger - Using 'UTF-8' encoding to copy filtered resources.
2024-05-13 14:50:23,995 [Worker-66: Building workspace] INFO  o.e.m.c.i.embedder.EclipseLogger - skip non existing resourceDirectory C:\Users\subra\OneDrive\Desktop\SRD-M3\User-App\src\main\resources
2024-05-13 14:50:23,997 [Worker-66: Building workspace] INFO  o.e.m.c.i.embedder.EclipseLogger - Using 'UTF-8' encoding to copy filtered resources.
2024-05-13 14:50:23,998 [Worker-66: Building workspace] INFO  o.e.m.c.i.embedder.EclipseLogger - skip non existing resourceDirectory C:\Users\subra\OneDrive\Desktop\SRD-M3\User-App\src\test\resources
2024-05-13 14:50:26,568 [Worker-68: Building workspace] INFO  o.e.m.c.i.embedder.EclipseLogger - Using 'UTF-8' encoding to copy filtered resources.
2024-05-13 14:50:26,568 [Worker-68: Building workspace] INFO  o.e.m.c.i.embedder.EclipseLogger - skip non existing resourceDirectory C:\Users\subra\OneDrive\Desktop\SRD-M3\User-App\src\main\resources
2024-05-13 14:50:26,571 [Worker-68: Building workspace] INFO  o.e.m.c.i.embedder.EclipseLogger - Using 'UTF-8' encoding to copy filtered resources.
2024-05-13 14:50:26,571 [Worker-68: Building workspace] INFO  o.e.m.c.i.embedder.EclipseLogger - skip non existing resourceDirectory C:\Users\subra\OneDrive\Desktop\SRD-M3\User-App\src\test\resources
2024-05-13 14:57:15,171 [Worker-67: Building workspace] INFO  o.e.m.c.i.embedder.EclipseLogger - Using 'UTF-8' encoding to copy filtered resources.
2024-05-13 14:57:15,171 [Worker-67: Building workspace] INFO  o.e.m.c.i.embedder.EclipseLogger - skip non existing resourceDirectory C:\Users\subra\OneDrive\Desktop\SRD-M3\User-App\src\main\resources
2024-05-13 14:57:15,173 [Worker-67: Building workspace] INFO  o.e.m.c.i.embedder.EclipseLogger - Using 'UTF-8' encoding to copy filtered resources.
2024-05-13 14:57:15,173 [Worker-67: Building workspace] INFO  o.e.m.c.i.embedder.EclipseLogger - skip non existing resourceDirectory C:\Users\subra\OneDrive\Desktop\SRD-M3\User-App\src\test\resources
2024-05-13 14:58:17,153 [Worker-63: Building workspace] INFO  o.e.m.c.i.embedder.EclipseLogger - Using 'UTF-8' encoding to copy filtered resources.
2024-05-13 14:58:17,154 [Worker-63: Building workspace] INFO  o.e.m.c.i.embedder.EclipseLogger - skip non existing resourceDirectory C:\Users\subra\OneDrive\Desktop\SRD-M3\User-App\src\main\resources
2024-05-13 14:58:17,156 [Worker-63: Building workspace] INFO  o.e.m.c.i.embedder.EclipseLogger - Using 'UTF-8' encoding to copy filtered resources.
2024-05-13 14:58:17,157 [Worker-63: Building workspace] INFO  o.e.m.c.i.embedder.EclipseLogger - skip non existing resourceDirectory C:\Users\subra\OneDrive\Desktop\SRD-M3\User-App\src\test\resources
2024-05-13 15:00:04,954 [Worker-69: Building workspace] INFO  o.e.m.c.i.embedder.EclipseLogger - Using 'UTF-8' encoding to copy filtered resources.
2024-05-13 15:00:04,955 [Worker-69: Building workspace] INFO  o.e.m.c.i.embedder.EclipseLogger - skip non existing resourceDirectory C:\Users\subra\OneDrive\Desktop\SRD-M3\User-App\src\main\resources
2024-05-13 15:00:04,957 [Worker-69: Building workspace] INFO  o.e.m.c.i.embedder.EclipseLogger - Using 'UTF-8' encoding to copy filtered resources.
2024-05-13 15:00:04,957 [Worker-69: Building workspace] INFO  o.e.m.c.i.embedder.EclipseLogger - skip non existing resourceDirectory C:\Users\subra\OneDrive\Desktop\SRD-M3\User-App\src\test\resources
2024-05-13 15:00:33,255 [Worker-70: Building workspace] INFO  o.e.m.c.i.embedder.EclipseLogger - Using 'UTF-8' encoding to copy filtered resources.
2024-05-13 15:00:33,256 [Worker-70: Building workspace] INFO  o.e.m.c.i.embedder.EclipseLogger - skip non existing resourceDirectory C:\Users\subra\OneDrive\Desktop\SRD-M3\User-App\src\main\resources
2024-05-13 15:00:33,258 [Worker-70: Building workspace] INFO  o.e.m.c.i.embedder.EclipseLogger - Using 'UTF-8' encoding to copy filtered resources.
2024-05-13 15:00:33,258 [Worker-70: Building workspace] INFO  o.e.m.c.i.embedder.EclipseLogger - skip non existing resourceDirectory C:\Users\subra\OneDrive\Desktop\SRD-M3\User-App\src\test\resources
2024-05-13 15:01:04,267 [Worker-69: Building workspace] INFO  o.e.m.c.i.embedder.EclipseLogger - Using 'UTF-8' encoding to copy filtered resources.
2024-05-13 15:01:04,268 [Worker-69: Building workspace] INFO  o.e.m.c.i.embedder.EclipseLogger - skip non existing resourceDirectory C:\Users\subra\OneDrive\Desktop\SRD-M3\User-App\src\main\resources
2024-05-13 15:01:04,270 [Worker-69: Building workspace] INFO  o.e.m.c.i.embedder.EclipseLogger - Using 'UTF-8' encoding to copy filtered resources.
2024-05-13 15:01:04,271 [Worker-69: Building workspace] INFO  o.e.m.c.i.embedder.EclipseLogger - skip non existing resourceDirectory C:\Users\subra\OneDrive\Desktop\SRD-M3\User-App\src\test\resources
2024-05-14 18:12:54,500 [Worker-5: Loading available Gradle versions] INFO  o.e.b.c.i.u.g.PublishedGradleVersions - Gradle version information cache is out-of-date. Trying to update.
2024-05-14 18:13:05,220 [Worker-11: Building workspace] INFO  o.e.m.c.i.embedder.EclipseLogger - Using 'UTF-8' encoding to copy filtered resources.
2024-05-14 18:13:05,221 [Worker-11: Building workspace] INFO  o.e.m.c.i.embedder.EclipseLogger - skip non existing resourceDirectory C:\Users\subra\OneDrive\Desktop\SRD-M3\User-App\src\main\resources
2024-05-14 18:13:05,228 [Worker-11: Building workspace] INFO  o.e.m.c.i.embedder.EclipseLogger - Using 'UTF-8' encoding to copy filtered resources.
2024-05-14 18:13:05,230 [Worker-11: Building workspace] INFO  o.e.m.c.i.embedder.EclipseLogger - skip non existing resourceDirectory C:\Users\subra\OneDrive\Desktop\SRD-M3\User-App\src\test\resources
2024-05-14 18:21:51,450 [Worker-16: Building workspace] INFO  o.e.m.c.i.embedder.EclipseLogger - Using 'UTF-8' encoding to copy filtered resources.
2024-05-14 18:21:51,453 [Worker-16: Building workspace] INFO  o.e.m.c.i.embedder.EclipseLogger - skip non existing resourceDirectory C:\Users\subra\OneDrive\Desktop\SRD-M3\User-App\src\main\resources
2024-05-14 18:21:51,457 [Worker-16: Building workspace] INFO  o.e.m.c.i.embedder.EclipseLogger - Using 'UTF-8' encoding to copy filtered resources.
2024-05-14 18:21:51,458 [Worker-16: Building workspace] INFO  o.e.m.c.i.embedder.EclipseLogger - skip non existing resourceDirectory C:\Users\subra\OneDrive\Desktop\SRD-M3\User-App\src\test\resources
2024-05-14 18:21:59,853 [Worker-0: Building workspace] INFO  o.e.m.c.i.embedder.EclipseLogger - Using 'UTF-8' encoding to copy filtered resources.
2024-05-14 18:21:59,853 [Worker-0: Building workspace] INFO  o.e.m.c.i.embedder.EclipseLogger - skip non existing resourceDirectory C:\Users\subra\OneDrive\Desktop\SRD-M3\User-App\src\main\resources
2024-05-14 18:21:59,858 [Worker-0: Building workspace] INFO  o.e.m.c.i.embedder.EclipseLogger - Using 'UTF-8' encoding to copy filtered resources.
2024-05-14 18:21:59,858 [Worker-0: Building workspace] INFO  o.e.m.c.i.embedder.EclipseLogger - skip non existing resourceDirectory C:\Users\subra\OneDrive\Desktop\SRD-M3\User-App\src\test\resources
2024-05-14 18:26:26,834 [Worker-19: Building workspace] INFO  o.e.m.c.i.embedder.EclipseLogger - Using 'UTF-8' encoding to copy filtered resources.
2024-05-14 18:26:26,834 [Worker-19: Building workspace] INFO  o.e.m.c.i.embedder.EclipseLogger - skip non existing resourceDirectory C:\Users\subra\OneDrive\Desktop\SRD-M3\User-App\src\main\resources
2024-05-14 18:26:26,837 [Worker-19: Building workspace] INFO  o.e.m.c.i.embedder.EclipseLogger - Using 'UTF-8' encoding to copy filtered resources.
2024-05-14 18:26:26,838 [Worker-19: Building workspace] INFO  o.e.m.c.i.embedder.EclipseLogger - skip non existing resourceDirectory C:\Users\subra\OneDrive\Desktop\SRD-M3\User-App\src\test\resources
2024-05-14 18:26:28,174 [Worker-14: Building workspace] INFO  o.e.m.c.i.embedder.EclipseLogger - Using 'UTF-8' encoding to copy filtered resources.
2024-05-14 18:26:28,175 [Worker-14: Building workspace] INFO  o.e.m.c.i.embedder.EclipseLogger - skip non existing resourceDirectory C:\Users\subra\OneDrive\Desktop\SRD-M3\User-App\src\main\resources
2024-05-14 18:26:28,180 [Worker-14: Building workspace] INFO  o.e.m.c.i.embedder.EclipseLogger - Using 'UTF-8' encoding to copy filtered resources.
2024-05-14 18:26:28,181 [Worker-14: Building workspace] INFO  o.e.m.c.i.embedder.EclipseLogger - skip non existing resourceDirectory C:\Users\subra\OneDrive\Desktop\SRD-M3\User-App\src\test\resources
2024-05-14 18:27:40,073 [Worker-20: Building workspace] INFO  o.e.m.c.i.embedder.EclipseLogger - Using 'UTF-8' encoding to copy filtered resources.
2024-05-14 18:27:40,073 [Worker-20: Building workspace] INFO  o.e.m.c.i.embedder.EclipseLogger - skip non existing resourceDirectory C:\Users\subra\OneDrive\Desktop\SRD-M3\User-App\src\main\resources
2024-05-14 18:27:40,075 [Worker-20: Building workspace] INFO  o.e.m.c.i.embedder.EclipseLogger - Using 'UTF-8' encoding to copy filtered resources.
2024-05-14 18:27:40,075 [Worker-20: Building workspace] INFO  o.e.m.c.i.embedder.EclipseLogger - skip non existing resourceDirectory C:\Users\subra\OneDrive\Desktop\SRD-M3\User-App\src\test\resources
2024-05-14 18:29:13,569 [Worker-23: Building workspace] INFO  o.e.m.c.i.embedder.EclipseLogger - Using 'UTF-8' encoding to copy filtered resources.
2024-05-14 18:29:13,569 [Worker-23: Building workspace] INFO  o.e.m.c.i.embedder.EclipseLogger - skip non existing resourceDirectory C:\Users\subra\OneDrive\Desktop\SRD-M3\User-App\src\main\resources
2024-05-14 18:29:13,571 [Worker-23: Building workspace] INFO  o.e.m.c.i.embedder.EclipseLogger - Using 'UTF-8' encoding to copy filtered resources.
2024-05-14 18:29:13,571 [Worker-23: Building workspace] INFO  o.e.m.c.i.embedder.EclipseLogger - skip non existing resourceDirectory C:\Users\subra\OneDrive\Desktop\SRD-M3\User-App\src\test\resources
2024-05-14 18:30:38,378 [Worker-14: Building workspace] INFO  o.e.m.c.i.embedder.EclipseLogger - Using 'UTF-8' encoding to copy filtered resources.
2024-05-14 18:30:38,378 [Worker-14: Building workspace] INFO  o.e.m.c.i.embedder.EclipseLogger - skip non existing resourceDirectory C:\Users\subra\OneDrive\Desktop\SRD-M3\User-App\src\main\resources
2024-05-14 18:30:38,382 [Worker-14: Building workspace] INFO  o.e.m.c.i.embedder.EclipseLogger - Using 'UTF-8' encoding to copy filtered resources.
2024-05-14 18:30:38,382 [Worker-14: Building workspace] INFO  o.e.m.c.i.embedder.EclipseLogger - skip non existing resourceDirectory C:\Users\subra\OneDrive\Desktop\SRD-M3\User-App\src\test\resources
2024-05-14 18:31:25,176 [Worker-19: Building workspace] INFO  o.e.m.c.i.embedder.EclipseLogger - Using 'UTF-8' encoding to copy filtered resources.
2024-05-14 18:31:25,177 [Worker-19: Building workspace] INFO  o.e.m.c.i.embedder.EclipseLogger - skip non existing resourceDirectory C:\Users\subra\OneDrive\Desktop\SRD-M3\User-App\src\main\resources
2024-05-14 18:31:25,179 [Worker-19: Building workspace] INFO  o.e.m.c.i.embedder.EclipseLogger - Using 'UTF-8' encoding to copy filtered resources.
2024-05-14 18:31:25,180 [Worker-19: Building workspace] INFO  o.e.m.c.i.embedder.EclipseLogger - skip non existing resourceDirectory C:\Users\subra\OneDrive\Desktop\SRD-M3\User-App\src\test\resources
2024-05-14 18:32:54,549 [Worker-22: Building workspace] INFO  o.e.m.c.i.embedder.EclipseLogger - Using 'UTF-8' encoding to copy filtered resources.
2024-05-14 18:32:54,550 [Worker-22: Building workspace] INFO  o.e.m.c.i.embedder.EclipseLogger - skip non existing resourceDirectory C:\Users\subra\OneDrive\Desktop\SRD-M3\User-App\src\main\resources
2024-05-14 18:32:54,552 [Worker-22: Building workspace] INFO  o.e.m.c.i.embedder.EclipseLogger - Using 'UTF-8' encoding to copy filtered resources.
2024-05-14 18:32:54,552 [Worker-22: Building workspace] INFO  o.e.m.c.i.embedder.EclipseLogger - skip non existing resourceDirectory C:\Users\subra\OneDrive\Desktop\SRD-M3\User-App\src\test\resources
2024-05-14 18:33:25,397 [Worker-22: Building workspace] INFO  o.e.m.c.i.embedder.EclipseLogger - Using 'UTF-8' encoding to copy filtered resources.
2024-05-14 18:33:25,397 [Worker-22: Building workspace] INFO  o.e.m.c.i.embedder.EclipseLogger - skip non existing resourceDirectory C:\Users\subra\OneDrive\Desktop\SRD-M3\User-App\src\main\resources
2024-05-14 18:33:25,399 [Worker-22: Building workspace] INFO  o.e.m.c.i.embedder.EclipseLogger - Using 'UTF-8' encoding to copy filtered resources.
2024-05-14 18:33:25,399 [Worker-22: Building workspace] INFO  o.e.m.c.i.embedder.EclipseLogger - skip non existing resourceDirectory C:\Users\subra\OneDrive\Desktop\SRD-M3\User-App\src\test\resources
2024-05-14 18:50:37,976 [Worker-28: Building workspace] INFO  o.e.m.c.i.embedder.EclipseLogger - Using 'UTF-8' encoding to copy filtered resources.
2024-05-14 18:50:37,981 [Worker-28: Building workspace] INFO  o.e.m.c.i.embedder.EclipseLogger - skip non existing resourceDirectory C:\Users\subra\OneDrive\Desktop\SRD-M3\User-App\src\main\resources
2024-05-14 18:50:37,983 [Worker-28: Building workspace] INFO  o.e.m.c.i.embedder.EclipseLogger - Using 'UTF-8' encoding to copy filtered resources.
2024-05-14 18:50:37,983 [Worker-28: Building workspace] INFO  o.e.m.c.i.embedder.EclipseLogger - skip non existing resourceDirectory C:\Users\subra\OneDrive\Desktop\SRD-M3\User-App\src\test\resources
2024-05-15 17:41:45,054 [Worker-72: Building workspace] INFO  o.e.m.c.i.embedder.EclipseLogger - Using 'UTF-8' encoding to copy filtered resources.
2024-05-15 17:41:45,056 [Worker-72: Building workspace] INFO  o.e.m.c.i.embedder.EclipseLogger - skip non existing resourceDirectory C:\Users\subra\OneDrive\Desktop\SRD-M3\User-App\src\main\resources
2024-05-15 17:41:45,059 [Worker-72: Building workspace] INFO  o.e.m.c.i.embedder.EclipseLogger - Using 'UTF-8' encoding to copy filtered resources.
2024-05-15 17:41:45,060 [Worker-72: Building workspace] INFO  o.e.m.c.i.embedder.EclipseLogger - skip non existing resourceDirectory C:\Users\subra\OneDrive\Desktop\SRD-M3\User-App\src\test\resources
2024-05-15 17:43:27,338 [Worker-70: Building workspace] INFO  o.e.m.c.i.embedder.EclipseLogger - Using 'UTF-8' encoding to copy filtered resources.
2024-05-15 17:43:27,338 [Worker-70: Building workspace] INFO  o.e.m.c.i.embedder.EclipseLogger - skip non existing resourceDirectory C:\Users\subra\OneDrive\Desktop\SRD-M3\User-App\src\main\resources
2024-05-15 17:43:27,341 [Worker-70: Building workspace] INFO  o.e.m.c.i.embedder.EclipseLogger - Using 'UTF-8' encoding to copy filtered resources.
2024-05-15 17:43:27,341 [Worker-70: Building workspace] INFO  o.e.m.c.i.embedder.EclipseLogger - skip non existing resourceDirectory C:\Users\subra\OneDrive\Desktop\SRD-M3\User-App\src\test\resources
2024-05-15 17:48:13,109 [Worker-76: Building workspace] INFO  o.e.m.c.i.embedder.EclipseLogger - Using 'UTF-8' encoding to copy filtered resources.
2024-05-15 17:48:13,110 [Worker-76: Building workspace] INFO  o.e.m.c.i.embedder.EclipseLogger - skip non existing resourceDirectory C:\Users\subra\OneDrive\Desktop\SRD-M3\User-App\src\main\resources
2024-05-15 17:48:13,111 [Worker-76: Building workspace] INFO  o.e.m.c.i.embedder.EclipseLogger - Using 'UTF-8' encoding to copy filtered resources.
2024-05-15 17:48:13,112 [Worker-76: Building workspace] INFO  o.e.m.c.i.embedder.EclipseLogger - skip non existing resourceDirectory C:\Users\subra\OneDrive\Desktop\SRD-M3\User-App\src\test\resources
2024-05-15 17:49:45,486 [Worker-76: Building workspace] INFO  o.e.m.c.i.embedder.EclipseLogger - Using 'UTF-8' encoding to copy filtered resources.
2024-05-15 17:49:45,486 [Worker-76: Building workspace] INFO  o.e.m.c.i.embedder.EclipseLogger - skip non existing resourceDirectory C:\Users\subra\OneDrive\Desktop\SRD-M3\User-App\src\main\resources
2024-05-15 17:49:45,491 [Worker-76: Building workspace] INFO  o.e.m.c.i.embedder.EclipseLogger - Using 'UTF-8' encoding to copy filtered resources.
2024-05-15 17:49:45,493 [Worker-76: Building workspace] INFO  o.e.m.c.i.embedder.EclipseLogger - skip non existing resourceDirectory C:\Users\subra\OneDrive\Desktop\SRD-M3\User-App\src\test\resources
2024-05-15 17:49:58,544 [Worker-75: Building workspace] INFO  o.e.m.c.i.embedder.EclipseLogger - Using 'UTF-8' encoding to copy filtered resources.
2024-05-15 17:49:58,544 [Worker-75: Building workspace] INFO  o.e.m.c.i.embedder.EclipseLogger - skip non existing resourceDirectory C:\Users\subra\OneDrive\Desktop\SRD-M3\User-App\src\main\resources
2024-05-15 17:49:58,546 [Worker-75: Building workspace] INFO  o.e.m.c.i.embedder.EclipseLogger - Using 'UTF-8' encoding to copy filtered resources.
2024-05-15 17:49:58,546 [Worker-75: Building workspace] INFO  o.e.m.c.i.embedder.EclipseLogger - skip non existing resourceDirectory C:\Users\subra\OneDrive\Desktop\SRD-M3\User-App\src\test\resources
2024-05-15 17:51:00,817 [Worker-77: Building workspace] INFO  o.e.m.c.i.embedder.EclipseLogger - Using 'UTF-8' encoding to copy filtered resources.
2024-05-15 17:51:00,817 [Worker-77: Building workspace] INFO  o.e.m.c.i.embedder.EclipseLogger - skip non existing resourceDirectory C:\Users\subra\OneDrive\Desktop\SRD-M3\User-App\src\main\resources
2024-05-15 17:51:00,819 [Worker-77: Building workspace] INFO  o.e.m.c.i.embedder.EclipseLogger - Using 'UTF-8' encoding to copy filtered resources.
2024-05-15 17:51:00,819 [Worker-77: Building workspace] INFO  o.e.m.c.i.embedder.EclipseLogger - skip non existing resourceDirectory C:\Users\subra\OneDrive\Desktop\SRD-M3\User-App\src\test\resources
2024-05-15 17:51:31,567 [Worker-77: Building workspace] INFO  o.e.m.c.i.embedder.EclipseLogger - Using 'UTF-8' encoding to copy filtered resources.
2024-05-15 17:51:31,567 [Worker-77: Building workspace] INFO  o.e.m.c.i.embedder.EclipseLogger - skip non existing resourceDirectory C:\Users\subra\OneDrive\Desktop\SRD-M3\User-App\src\main\resources
2024-05-15 17:51:31,570 [Worker-77: Building workspace] INFO  o.e.m.c.i.embedder.EclipseLogger - Using 'UTF-8' encoding to copy filtered resources.
2024-05-15 17:51:31,570 [Worker-77: Building workspace] INFO  o.e.m.c.i.embedder.EclipseLogger - skip non existing resourceDirectory C:\Users\subra\OneDrive\Desktop\SRD-M3\User-App\src\test\resources
2024-05-15 17:51:42,201 [Worker-77: Building workspace] INFO  o.e.m.c.i.embedder.EclipseLogger - Using 'UTF-8' encoding to copy filtered resources.
2024-05-15 17:51:42,201 [Worker-77: Building workspace] INFO  o.e.m.c.i.embedder.EclipseLogger - skip non existing resourceDirectory C:\Users\subra\OneDrive\Desktop\SRD-M3\User-App\src\main\resources
2024-05-15 17:51:42,204 [Worker-77: Building workspace] INFO  o.e.m.c.i.embedder.EclipseLogger - Using 'UTF-8' encoding to copy filtered resources.
2024-05-15 17:51:42,205 [Worker-77: Building workspace] INFO  o.e.m.c.i.embedder.EclipseLogger - skip non existing resourceDirectory C:\Users\subra\OneDrive\Desktop\SRD-M3\User-App\src\test\resources
2024-05-15 18:02:30,896 [Worker-79: Building workspace] INFO  o.e.m.c.i.embedder.EclipseLogger - Using 'UTF-8' encoding to copy filtered resources.
2024-05-15 18:02:30,896 [Worker-79: Building workspace] INFO  o.e.m.c.i.embedder.EclipseLogger - skip non existing resourceDirectory C:\Users\subra\OneDrive\Desktop\SRD-M3\User-App\src\main\resources
2024-05-15 18:02:30,898 [Worker-79: Building workspace] INFO  o.e.m.c.i.embedder.EclipseLogger - Using 'UTF-8' encoding to copy filtered resources.
2024-05-15 18:02:30,899 [Worker-79: Building workspace] INFO  o.e.m.c.i.embedder.EclipseLogger - skip non existing resourceDirectory C:\Users\subra\OneDrive\Desktop\SRD-M3\User-App\src\test\resources
2024-05-16 12:59:00,083 [Worker-5: Loading available Gradle versions] INFO  o.e.b.c.i.u.g.PublishedGradleVersions - Gradle version information cache is out-of-date. Trying to update.
2024-05-16 12:59:06,744 [Worker-5: Building workspace] INFO  o.e.m.c.i.embedder.EclipseLogger - Using 'UTF-8' encoding to copy filtered resources.
2024-05-16 12:59:06,745 [Worker-5: Building workspace] INFO  o.e.m.c.i.embedder.EclipseLogger - skip non existing resourceDirectory C:\Users\subra\OneDrive\Desktop\SRD-M3\User-App\src\main\resources
2024-05-16 12:59:06,751 [Worker-5: Building workspace] INFO  o.e.m.c.i.embedder.EclipseLogger - Using 'UTF-8' encoding to copy filtered resources.
2024-05-16 12:59:06,754 [Worker-5: Building workspace] INFO  o.e.m.c.i.embedder.EclipseLogger - skip non existing resourceDirectory C:\Users\subra\OneDrive\Desktop\SRD-M3\User-App\src\test\resources
2024-05-27 19:02:24,967 [Worker-3: Loading available Gradle versions] INFO  o.e.b.c.i.u.g.PublishedGradleVersions - Gradle version information cache is out-of-date. Trying to update.
2024-05-27 19:02:33,851 [Worker-6: Building workspace] INFO  o.e.m.c.i.embedder.EclipseLogger - Using 'UTF-8' encoding to copy filtered resources.
2024-05-27 19:02:33,851 [Worker-6: Building workspace] INFO  o.e.m.c.i.embedder.EclipseLogger - skip non existing resourceDirectory C:\Users\subra\OneDrive\Desktop\SRD-M3\User-App\src\main\resources
2024-05-27 19:02:33,855 [Worker-6: Building workspace] INFO  o.e.m.c.i.embedder.EclipseLogger - Using 'UTF-8' encoding to copy filtered resources.
2024-05-27 19:02:33,856 [Worker-6: Building workspace] INFO  o.e.m.c.i.embedder.EclipseLogger - skip non existing resourceDirectory C:\Users\subra\OneDrive\Desktop\SRD-M3\User-App\src\test\resources
2024-05-27 19:15:26,447 [Worker-2: Loading available Gradle versions] INFO  o.e.b.c.i.u.g.PublishedGradleVersions - Gradle version information cache is up-to-date. Trying to read.
2024-05-27 19:15:38,439 [Worker-2: Building workspace] INFO  o.e.m.c.i.embedder.EclipseLogger - Using 'UTF-8' encoding to copy filtered resources.
2024-05-27 19:15:38,440 [Worker-2: Building workspace] INFO  o.e.m.c.i.embedder.EclipseLogger - skip non existing resourceDirectory C:\Users\subra\OneDrive\Desktop\SRD-M3\User-App\src\main\resources
2024-05-27 19:15:38,443 [Worker-2: Building workspace] INFO  o.e.m.c.i.embedder.EclipseLogger - Using 'UTF-8' encoding to copy filtered resources.
2024-05-27 19:15:38,443 [Worker-2: Building workspace] INFO  o.e.m.c.i.embedder.EclipseLogger - skip non existing resourceDirectory C:\Users\subra\OneDrive\Desktop\SRD-M3\User-App\src\test\resources
2024-05-27 19:16:09,965 [Worker-2: Loading available Gradle versions] INFO  o.e.b.c.i.u.g.PublishedGradleVersions - Gradle version information cache is up-to-date. Trying to read.
2024-05-27 19:16:18,444 [Worker-5: Building workspace] INFO  o.e.m.c.i.embedder.EclipseLogger - Using 'UTF-8' encoding to copy filtered resources.
2024-05-27 19:16:18,445 [Worker-5: Building workspace] INFO  o.e.m.c.i.embedder.EclipseLogger - skip non existing resourceDirectory C:\Users\subra\OneDrive\Desktop\SRD-M3\User-App\src\main\resources
2024-05-27 19:16:18,449 [Worker-5: Building workspace] INFO  o.e.m.c.i.embedder.EclipseLogger - Using 'UTF-8' encoding to copy filtered resources.
2024-05-27 19:16:18,449 [Worker-5: Building workspace] INFO  o.e.m.c.i.embedder.EclipseLogger - skip non existing resourceDirectory C:\Users\subra\OneDrive\Desktop\SRD-M3\User-App\src\test\resources
2024-05-27 19:16:51,302 [Worker-2: Loading available Gradle versions] INFO  o.e.b.c.i.u.g.PublishedGradleVersions - Gradle version information cache is up-to-date. Trying to read.
2024-05-27 19:16:58,743 [Worker-6: Building workspace] INFO  o.e.m.c.i.embedder.EclipseLogger - Using 'UTF-8' encoding to copy filtered resources.
2024-05-27 19:16:58,744 [Worker-6: Building workspace] INFO  o.e.m.c.i.embedder.EclipseLogger - skip non existing resourceDirectory C:\Users\subra\OneDrive\Desktop\SRD-M3\User-App\src\main\resources
2024-05-27 19:16:58,747 [Worker-6: Building workspace] INFO  o.e.m.c.i.embedder.EclipseLogger - Using 'UTF-8' encoding to copy filtered resources.
2024-05-27 19:16:58,747 [Worker-6: Building workspace] INFO  o.e.m.c.i.embedder.EclipseLogger - skip non existing resourceDirectory C:\Users\subra\OneDrive\Desktop\SRD-M3\User-App\src\test\resources
